[2026-03-30T00:16:06.334+0000] {local_task_job_runner.py:123} INFO - ::group::Pre task execution logs
[2026-03-30T00:16:06.358+0000] {taskinstance.py:2612} INFO - Dependencies all met for dep_context=non-requeueable deps ti=<TaskInstance: movie_data_pipeline.clean_and_enrich scheduled__2026-03-29T00:00:00+00:00 [queued]>
[2026-03-30T00:16:06.373+0000] {taskinstance.py:2612} INFO - Dependencies all met for dep_context=requeueable deps ti=<TaskInstance: movie_data_pipeline.clean_and_enrich scheduled__2026-03-29T00:00:00+00:00 [queued]>
[2026-03-30T00:16:06.374+0000] {taskinstance.py:2865} INFO - Starting attempt 1 of 2
[2026-03-30T00:16:06.391+0000] {taskinstance.py:2888} INFO - Executing <Task(BashOperator): clean_and_enrich> on 2026-03-29 00:00:00+00:00
[2026-03-30T00:16:06.405+0000] {logging_mixin.py:190} WARNING - /home/***/.local/lib/python3.12/site-packages/***/task/task_runner/standard_task_runner.py:70 DeprecationWarning: This process (pid=165) is multi-threaded, use of fork() may lead to deadlocks in the child.
[2026-03-30T00:16:06.403+0000] {standard_task_runner.py:104} INFO - Running: ['***', 'tasks', 'run', 'movie_data_pipeline', 'clean_and_enrich', 'scheduled__2026-03-29T00:00:00+00:00', '--job-id', '48', '--raw', '--subdir', 'DAGS_FOLDER/movies_clean_dag.py', '--cfg-path', '/tmp/tmpe5wyws8k']
[2026-03-30T00:16:06.406+0000] {standard_task_runner.py:72} INFO - Started process 166 to run task
[2026-03-30T00:16:06.407+0000] {standard_task_runner.py:105} INFO - Job 48: Subtask clean_and_enrich
[2026-03-30T00:16:06.428+0000] {logging_mixin.py:190} WARNING - /home/***/.local/lib/python3.12/site-packages/***/settings.py:209 DeprecationWarning: The sql_alchemy_conn option in [core] has been moved to the sql_alchemy_conn option in [database] - the old setting has been used, but please update your config.
[2026-03-30T00:16:06.476+0000] {task_command.py:467} INFO - Running <TaskInstance: movie_data_pipeline.clean_and_enrich scheduled__2026-03-29T00:00:00+00:00 [running]> on host c614fc8d418a
[2026-03-30T00:16:06.478+0000] {logging_mixin.py:190} WARNING - /home/***/.local/lib/python3.12/site-packages/***/settings.py:470 DeprecationWarning: The sql_alchemy_conn option in [core] has been moved to the sql_alchemy_conn option in [database] - the old setting has been used, but please update your config.
[2026-03-30T00:16:06.580+0000] {taskinstance.py:3131} INFO - Exporting env vars: AIRFLOW_CTX_DAG_OWNER='***' AIRFLOW_CTX_DAG_ID='movie_data_pipeline' AIRFLOW_CTX_TASK_ID='clean_and_enrich' AIRFLOW_CTX_EXECUTION_DATE='2026-03-29T00:00:00+00:00' AIRFLOW_CTX_TRY_NUMBER='1' AIRFLOW_CTX_DAG_RUN_ID='scheduled__2026-03-29T00:00:00+00:00'
[2026-03-30T00:16:06.581+0000] {taskinstance.py:731} INFO - ::endgroup::
[2026-03-30T00:16:06.611+0000] {subprocess.py:63} INFO - Tmp dir root location: /tmp
[2026-03-30T00:16:06.615+0000] {subprocess.py:75} INFO - Running command: ['/usr/bin/bash', '-c', 'python /app/scripts/data-cleaning.py']
[2026-03-30T00:16:06.627+0000] {subprocess.py:86} INFO - Output:
[2026-03-30T00:16:21.327+0000] {subprocess.py:93} INFO - Loading datasets...
[2026-03-30T00:16:21.330+0000] {subprocess.py:93} INFO - 
[2026-03-30T00:16:21.332+0000] {subprocess.py:93} INFO - 
[2026-03-30T00:16:21.334+0000] {subprocess.py:93} INFO - === MOVIES DATASET ===
[2026-03-30T00:16:21.335+0000] {subprocess.py:93} INFO - Shape: (45486, 5)
[2026-03-30T00:16:21.336+0000] {subprocess.py:93} INFO - Columns: ['id', 'title', 'release_date', 'budget', 'revenue']
[2026-03-30T00:16:21.336+0000] {subprocess.py:93} INFO - Data types:
[2026-03-30T00:16:21.337+0000] {subprocess.py:93} INFO -  id               object
[2026-03-30T00:16:21.337+0000] {subprocess.py:93} INFO - title            object
[2026-03-30T00:16:21.338+0000] {subprocess.py:93} INFO - release_date     object
[2026-03-30T00:16:21.338+0000] {subprocess.py:93} INFO - budget           object
[2026-03-30T00:16:21.339+0000] {subprocess.py:93} INFO - revenue         float64
[2026-03-30T00:16:21.340+0000] {subprocess.py:93} INFO - dtype: object
[2026-03-30T00:16:21.341+0000] {subprocess.py:93} INFO - Missing values:
[2026-03-30T00:16:21.343+0000] {subprocess.py:93} INFO -  id                 0
[2026-03-30T00:16:21.345+0000] {subprocess.py:93} INFO - title              6
[2026-03-30T00:16:21.346+0000] {subprocess.py:93} INFO - release_date      90
[2026-03-30T00:16:21.348+0000] {subprocess.py:93} INFO - budget          4435
[2026-03-30T00:16:21.350+0000] {subprocess.py:93} INFO - revenue            6
[2026-03-30T00:16:21.352+0000] {subprocess.py:93} INFO - dtype: int64
[2026-03-30T00:16:21.354+0000] {subprocess.py:93} INFO - Duplicate rows: 6
[2026-03-30T00:16:21.356+0000] {subprocess.py:93} INFO - --------------------------------------------------
[2026-03-30T00:16:21.357+0000] {subprocess.py:93} INFO - 
[2026-03-30T00:16:21.359+0000] {subprocess.py:93} INFO - === EXTENDED DATASET ===
[2026-03-30T00:16:21.363+0000] {subprocess.py:93} INFO - Shape: (45466, 5)
[2026-03-30T00:16:21.366+0000] {subprocess.py:93} INFO - Columns: ['id', 'genres', 'production_companies', 'production_countries', 'spoken_languages']
[2026-03-30T00:16:21.367+0000] {subprocess.py:93} INFO - Data types:
[2026-03-30T00:16:21.368+0000] {subprocess.py:93} INFO -  id                      object
[2026-03-30T00:16:21.370+0000] {subprocess.py:93} INFO - genres                  object
[2026-03-30T00:16:21.371+0000] {subprocess.py:93} INFO - production_companies    object
[2026-03-30T00:16:21.373+0000] {subprocess.py:93} INFO - production_countries    object
[2026-03-30T00:16:21.375+0000] {subprocess.py:93} INFO - spoken_languages        object
[2026-03-30T00:16:21.377+0000] {subprocess.py:93} INFO - dtype: object
[2026-03-30T00:16:21.380+0000] {subprocess.py:93} INFO - Missing values:
[2026-03-30T00:16:21.381+0000] {subprocess.py:93} INFO -  id                          0
[2026-03-30T00:16:21.383+0000] {subprocess.py:93} INFO - genres                   2442
[2026-03-30T00:16:21.384+0000] {subprocess.py:93} INFO - production_companies    12365
[2026-03-30T00:16:21.386+0000] {subprocess.py:93} INFO - production_countries        0
[2026-03-30T00:16:21.387+0000] {subprocess.py:93} INFO - spoken_languages            6
[2026-03-30T00:16:21.388+0000] {subprocess.py:93} INFO - dtype: int64
[2026-03-30T00:16:21.389+0000] {subprocess.py:93} INFO - Duplicate rows: 30
[2026-03-30T00:16:21.392+0000] {subprocess.py:93} INFO - --------------------------------------------------
[2026-03-30T00:16:21.393+0000] {subprocess.py:93} INFO - 
[2026-03-30T00:16:21.395+0000] {subprocess.py:93} INFO - === RATINGS DATASET ===
[2026-03-30T00:16:21.397+0000] {subprocess.py:93} INFO - Shape: (9066, 5)
[2026-03-30T00:16:21.399+0000] {subprocess.py:93} INFO - Columns: ['movie_id', 'last_rated', 'ratings_summary.avg_rating', 'ratings_summary.total_ratings', 'ratings_summary.std_dev']
[2026-03-30T00:16:21.400+0000] {subprocess.py:93} INFO - Data types:
[2026-03-30T00:16:21.400+0000] {subprocess.py:93} INFO -  movie_id                           int64
[2026-03-30T00:16:21.401+0000] {subprocess.py:93} INFO - last_rated                         int64
[2026-03-30T00:16:21.402+0000] {subprocess.py:93} INFO - ratings_summary.avg_rating       float64
[2026-03-30T00:16:21.402+0000] {subprocess.py:93} INFO - ratings_summary.total_ratings      int64
[2026-03-30T00:16:21.403+0000] {subprocess.py:93} INFO - ratings_summary.std_dev          float64
[2026-03-30T00:16:21.405+0000] {subprocess.py:93} INFO - dtype: object
[2026-03-30T00:16:21.407+0000] {subprocess.py:93} INFO - Missing values:
[2026-03-30T00:16:21.408+0000] {subprocess.py:93} INFO -  movie_id                            0
[2026-03-30T00:16:21.410+0000] {subprocess.py:93} INFO - last_rated                          0
[2026-03-30T00:16:21.411+0000] {subprocess.py:93} INFO - ratings_summary.avg_rating          0
[2026-03-30T00:16:21.412+0000] {subprocess.py:93} INFO - ratings_summary.total_ratings       0
[2026-03-30T00:16:21.413+0000] {subprocess.py:93} INFO - ratings_summary.std_dev          3063
[2026-03-30T00:16:21.414+0000] {subprocess.py:93} INFO - dtype: int64
[2026-03-30T00:16:21.415+0000] {subprocess.py:93} INFO - Duplicate rows: 0
[2026-03-30T00:16:21.417+0000] {subprocess.py:93} INFO - --------------------------------------------------
[2026-03-30T00:16:21.418+0000] {subprocess.py:93} INFO - 
[2026-03-30T00:16:21.420+0000] {subprocess.py:93} INFO - Cleaning Movies dataset...
[2026-03-30T00:16:21.422+0000] {subprocess.py:93} INFO - Missing release_date rows saved: /app/data/missing_release_dates.csv, Total: 30384
[2026-03-30T00:16:21.424+0000] {subprocess.py:93} INFO - Suspicious movies saved: /app/data/suspicious_movies.csv, Total: 3066
[2026-03-30T00:16:21.425+0000] {subprocess.py:93} INFO - 
[2026-03-30T00:16:21.426+0000] {subprocess.py:93} INFO - Cleaning Extended dataset...
[2026-03-30T00:16:21.427+0000] {subprocess.py:93} INFO - 
[2026-03-30T00:16:21.427+0000] {subprocess.py:93} INFO - Cleaning Ratings dataset...
[2026-03-30T00:16:21.428+0000] {subprocess.py:93} INFO - 
[2026-03-30T00:16:21.429+0000] {subprocess.py:93} INFO - Enriching Movies dataset...
[2026-03-30T00:16:21.429+0000] {subprocess.py:93} INFO - 
[2026-03-30T00:16:21.430+0000] {subprocess.py:93} INFO - === FINAL DATA CHECK ===
[2026-03-30T00:16:21.431+0000] {subprocess.py:93} INFO - 
[2026-03-30T00:16:21.431+0000] {subprocess.py:93} INFO - Movies missing values:
[2026-03-30T00:16:21.432+0000] {subprocess.py:93} INFO -  id                                0
[2026-03-30T00:16:21.432+0000] {subprocess.py:93} INFO - title                             0
[2026-03-30T00:16:21.433+0000] {subprocess.py:93} INFO - release_date                     87
[2026-03-30T00:16:21.435+0000] {subprocess.py:93} INFO - budget                         4432
[2026-03-30T00:16:21.437+0000] {subprocess.py:93} INFO - revenue                           3
[2026-03-30T00:16:21.438+0000] {subprocess.py:93} INFO - budget_clean                  38284
[2026-03-30T00:16:21.441+0000] {subprocess.py:93} INFO - revenue_clean                 38035
[2026-03-30T00:16:21.444+0000] {subprocess.py:93} INFO - release_date_clean            30384
[2026-03-30T00:16:21.447+0000] {subprocess.py:93} INFO - release_year                  30384
[2026-03-30T00:16:21.450+0000] {subprocess.py:93} INFO - release_month                 30384
[2026-03-30T00:16:21.453+0000] {subprocess.py:93} INFO - budget_missing_flag               0
[2026-03-30T00:16:21.455+0000] {subprocess.py:93} INFO - revenue_missing_flag              0
[2026-03-30T00:16:21.455+0000] {subprocess.py:93} INFO - suspicious_flag                   0
[2026-03-30T00:16:21.456+0000] {subprocess.py:93} INFO - financial_status                  0
[2026-03-30T00:16:21.456+0000] {subprocess.py:93} INFO - genres                            0
[2026-03-30T00:16:21.457+0000] {subprocess.py:93} INFO - production_companies              0
[2026-03-30T00:16:21.457+0000] {subprocess.py:93} INFO - production_countries              0
[2026-03-30T00:16:21.458+0000] {subprocess.py:93} INFO - spoken_languages                  0
[2026-03-30T00:16:21.458+0000] {subprocess.py:93} INFO - revenue_category                  0
[2026-03-30T00:16:21.458+0000] {subprocess.py:93} INFO - movie_id                      42603
[2026-03-30T00:16:21.459+0000] {subprocess.py:93} INFO - ratings_summary.avg_rating        0
[2026-03-30T00:16:21.460+0000] {subprocess.py:93} INFO - has_ratings                       0
[2026-03-30T00:16:21.460+0000] {subprocess.py:93} INFO - data_completeness                 0
[2026-03-30T00:16:21.460+0000] {subprocess.py:93} INFO - dtype: int64
[2026-03-30T00:16:21.461+0000] {subprocess.py:93} INFO - Movies duplicates: 0
[2026-03-30T00:16:21.461+0000] {subprocess.py:93} INFO - 
[2026-03-30T00:16:21.462+0000] {subprocess.py:93} INFO - Extended missing values:
[2026-03-30T00:16:21.463+0000] {subprocess.py:93} INFO -  id                      0
[2026-03-30T00:16:21.463+0000] {subprocess.py:93} INFO - genres                  0
[2026-03-30T00:16:21.467+0000] {subprocess.py:93} INFO - production_companies    0
[2026-03-30T00:16:21.469+0000] {subprocess.py:93} INFO - production_countries    0
[2026-03-30T00:16:21.469+0000] {subprocess.py:93} INFO - spoken_languages        0
[2026-03-30T00:16:21.470+0000] {subprocess.py:93} INFO - dtype: int64
[2026-03-30T00:16:21.470+0000] {subprocess.py:93} INFO - Extended duplicates: 0
[2026-03-30T00:16:21.471+0000] {subprocess.py:93} INFO - 
[2026-03-30T00:16:21.472+0000] {subprocess.py:93} INFO - Ratings missing values:
[2026-03-30T00:16:21.472+0000] {subprocess.py:93} INFO -  movie_id                         0
[2026-03-30T00:16:21.473+0000] {subprocess.py:93} INFO - last_rated                       0
[2026-03-30T00:16:21.473+0000] {subprocess.py:93} INFO - ratings_summary.avg_rating       0
[2026-03-30T00:16:21.474+0000] {subprocess.py:93} INFO - ratings_summary.total_ratings    0
[2026-03-30T00:16:21.475+0000] {subprocess.py:93} INFO - ratings_summary.std_dev          0
[2026-03-30T00:16:21.475+0000] {subprocess.py:93} INFO - dtype: int64
[2026-03-30T00:16:21.476+0000] {subprocess.py:93} INFO - Ratings duplicates: 0
[2026-03-30T00:16:21.476+0000] {subprocess.py:93} INFO - 
[2026-03-30T00:16:21.477+0000] {subprocess.py:93} INFO - Saving cleaned datasets...
[2026-03-30T00:16:21.477+0000] {subprocess.py:93} INFO - 
[2026-03-30T00:16:21.478+0000] {subprocess.py:93} INFO - ✅ Cleaned and enriched datasets saved successfully!
[2026-03-30T00:16:21.479+0000] {subprocess.py:93} INFO - ✅ PostgreSQL-ready CSV: clean_movies.csv
[2026-03-30T00:16:21.657+0000] {subprocess.py:97} INFO - Command exited with return code 0
[2026-03-30T00:16:21.704+0000] {taskinstance.py:340} INFO - ::group::Post task execution logs
[2026-03-30T00:16:21.705+0000] {taskinstance.py:352} INFO - Marking task as SUCCESS. dag_id=movie_data_pipeline, task_id=clean_and_enrich, run_id=scheduled__2026-03-29T00:00:00+00:00, execution_date=20260329T000000, start_date=20260330T001606, end_date=20260330T001621
[2026-03-30T00:16:21.767+0000] {local_task_job_runner.py:266} INFO - Task exited with return code 0
[2026-03-30T00:16:21.799+0000] {taskinstance.py:3900} INFO - 1 downstream tasks scheduled from follow-on schedule check
[2026-03-30T00:16:21.802+0000] {local_task_job_runner.py:245} INFO - ::endgroup::
