[2026-03-31T00:02:29.390+0000] {processor.py:186} INFO - Started process (PID=163) to work on /opt/airflow/dags/movies_clean_dag.py
[2026-03-31T00:02:29.391+0000] {processor.py:914} INFO - Processing file /opt/airflow/dags/movies_clean_dag.py for tasks to queue
[2026-03-31T00:02:29.394+0000] {logging_mixin.py:190} INFO - [2026-03-31T00:02:29.393+0000] {dagbag.py:588} INFO - Filling up the DagBag from /opt/airflow/dags/movies_clean_dag.py
[2026-03-31T00:02:29.434+0000] {processor.py:925} INFO - DAG(s) 'movie_data_pipeline' retrieved from /opt/airflow/dags/movies_clean_dag.py
[2026-03-31T00:02:29.471+0000] {logging_mixin.py:190} INFO - [2026-03-31T00:02:29.471+0000] {dag.py:3239} INFO - Sync 1 DAGs
[2026-03-31T00:02:29.502+0000] {logging_mixin.py:190} INFO - [2026-03-31T00:02:29.501+0000] {dag.py:4180} INFO - Setting next_dagrun for movie_data_pipeline to 2026-03-31 00:00:00+00:00, run_after=2026-04-01 00:00:00+00:00
[2026-03-31T00:02:29.526+0000] {processor.py:208} INFO - Processing /opt/airflow/dags/movies_clean_dag.py took 0.143 seconds
[2026-03-31T00:03:00.281+0000] {processor.py:186} INFO - Started process (PID=180) to work on /opt/airflow/dags/movies_clean_dag.py
[2026-03-31T00:03:00.283+0000] {processor.py:914} INFO - Processing file /opt/airflow/dags/movies_clean_dag.py for tasks to queue
[2026-03-31T00:03:00.289+0000] {logging_mixin.py:190} INFO - [2026-03-31T00:03:00.289+0000] {dagbag.py:588} INFO - Filling up the DagBag from /opt/airflow/dags/movies_clean_dag.py
[2026-03-31T00:03:00.317+0000] {processor.py:925} INFO - DAG(s) 'movie_data_pipeline' retrieved from /opt/airflow/dags/movies_clean_dag.py
[2026-03-31T00:03:00.346+0000] {logging_mixin.py:190} INFO - [2026-03-31T00:03:00.346+0000] {dag.py:3239} INFO - Sync 1 DAGs
[2026-03-31T00:03:00.373+0000] {logging_mixin.py:190} INFO - [2026-03-31T00:03:00.372+0000] {dag.py:4180} INFO - Setting next_dagrun for movie_data_pipeline to 2026-03-31 00:00:00+00:00, run_after=2026-04-01 00:00:00+00:00
[2026-03-31T00:03:00.393+0000] {processor.py:208} INFO - Processing /opt/airflow/dags/movies_clean_dag.py took 0.118 seconds
[2026-03-31T00:03:31.003+0000] {processor.py:186} INFO - Started process (PID=185) to work on /opt/airflow/dags/movies_clean_dag.py
[2026-03-31T00:03:31.005+0000] {processor.py:914} INFO - Processing file /opt/airflow/dags/movies_clean_dag.py for tasks to queue
[2026-03-31T00:03:31.008+0000] {logging_mixin.py:190} INFO - [2026-03-31T00:03:31.008+0000] {dagbag.py:588} INFO - Filling up the DagBag from /opt/airflow/dags/movies_clean_dag.py
[2026-03-31T00:03:31.038+0000] {processor.py:925} INFO - DAG(s) 'movie_data_pipeline' retrieved from /opt/airflow/dags/movies_clean_dag.py
[2026-03-31T00:03:31.078+0000] {logging_mixin.py:190} INFO - [2026-03-31T00:03:31.077+0000] {dag.py:3239} INFO - Sync 1 DAGs
[2026-03-31T00:03:31.108+0000] {logging_mixin.py:190} INFO - [2026-03-31T00:03:31.108+0000] {dag.py:4180} INFO - Setting next_dagrun for movie_data_pipeline to 2026-03-31 00:00:00+00:00, run_after=2026-04-01 00:00:00+00:00
[2026-03-31T00:03:31.128+0000] {processor.py:208} INFO - Processing /opt/airflow/dags/movies_clean_dag.py took 0.131 seconds
[2026-03-31T00:20:08.865+0000] {processor.py:186} INFO - Started process (PID=190) to work on /opt/airflow/dags/movies_clean_dag.py
[2026-03-31T00:20:08.867+0000] {processor.py:914} INFO - Processing file /opt/airflow/dags/movies_clean_dag.py for tasks to queue
[2026-03-31T00:20:08.870+0000] {logging_mixin.py:190} INFO - [2026-03-31T00:20:08.869+0000] {dagbag.py:588} INFO - Filling up the DagBag from /opt/airflow/dags/movies_clean_dag.py
[2026-03-31T00:20:08.895+0000] {processor.py:925} INFO - DAG(s) 'movie_data_pipeline' retrieved from /opt/airflow/dags/movies_clean_dag.py
[2026-03-31T00:20:08.929+0000] {logging_mixin.py:190} INFO - [2026-03-31T00:20:08.929+0000] {dag.py:3239} INFO - Sync 1 DAGs
[2026-03-31T00:20:09.069+0000] {logging_mixin.py:190} INFO - [2026-03-31T00:20:09.068+0000] {dag.py:4180} INFO - Setting next_dagrun for movie_data_pipeline to 2026-03-31 00:00:00+00:00, run_after=2026-04-01 00:00:00+00:00
[2026-03-31T00:20:09.228+0000] {processor.py:208} INFO - Processing /opt/airflow/dags/movies_clean_dag.py took 0.369 seconds
[2026-03-31T02:01:07.926+0000] {processor.py:186} INFO - Started process (PID=163) to work on /opt/airflow/dags/movies_clean_dag.py
[2026-03-31T02:01:07.928+0000] {processor.py:914} INFO - Processing file /opt/airflow/dags/movies_clean_dag.py for tasks to queue
[2026-03-31T02:01:07.930+0000] {logging_mixin.py:190} INFO - [2026-03-31T02:01:07.930+0000] {dagbag.py:588} INFO - Filling up the DagBag from /opt/airflow/dags/movies_clean_dag.py
[2026-03-31T02:01:07.974+0000] {processor.py:925} INFO - DAG(s) 'movie_data_pipeline' retrieved from /opt/airflow/dags/movies_clean_dag.py
[2026-03-31T02:01:08.022+0000] {logging_mixin.py:190} INFO - [2026-03-31T02:01:08.022+0000] {dag.py:3239} INFO - Sync 1 DAGs
[2026-03-31T02:01:08.062+0000] {logging_mixin.py:190} INFO - [2026-03-31T02:01:08.062+0000] {dag.py:4180} INFO - Setting next_dagrun for movie_data_pipeline to 2026-03-31 00:00:00+00:00, run_after=2026-04-01 00:00:00+00:00
[2026-03-31T02:01:08.090+0000] {processor.py:208} INFO - Processing /opt/airflow/dags/movies_clean_dag.py took 0.171 seconds
[2026-03-31T02:01:38.265+0000] {processor.py:186} INFO - Started process (PID=168) to work on /opt/airflow/dags/movies_clean_dag.py
[2026-03-31T02:01:38.267+0000] {processor.py:914} INFO - Processing file /opt/airflow/dags/movies_clean_dag.py for tasks to queue
[2026-03-31T02:01:38.274+0000] {logging_mixin.py:190} INFO - [2026-03-31T02:01:38.274+0000] {dagbag.py:588} INFO - Filling up the DagBag from /opt/airflow/dags/movies_clean_dag.py
[2026-03-31T02:01:38.308+0000] {processor.py:925} INFO - DAG(s) 'movie_data_pipeline' retrieved from /opt/airflow/dags/movies_clean_dag.py
[2026-03-31T02:01:38.340+0000] {logging_mixin.py:190} INFO - [2026-03-31T02:01:38.340+0000] {dag.py:3239} INFO - Sync 1 DAGs
[2026-03-31T02:01:38.374+0000] {logging_mixin.py:190} INFO - [2026-03-31T02:01:38.373+0000] {dag.py:4180} INFO - Setting next_dagrun for movie_data_pipeline to 2026-03-31 00:00:00+00:00, run_after=2026-04-01 00:00:00+00:00
[2026-03-31T02:01:38.405+0000] {processor.py:208} INFO - Processing /opt/airflow/dags/movies_clean_dag.py took 0.147 seconds
[2026-03-31T02:02:08.508+0000] {processor.py:186} INFO - Started process (PID=173) to work on /opt/airflow/dags/movies_clean_dag.py
[2026-03-31T02:02:08.509+0000] {processor.py:914} INFO - Processing file /opt/airflow/dags/movies_clean_dag.py for tasks to queue
[2026-03-31T02:02:08.511+0000] {logging_mixin.py:190} INFO - [2026-03-31T02:02:08.511+0000] {dagbag.py:588} INFO - Filling up the DagBag from /opt/airflow/dags/movies_clean_dag.py
[2026-03-31T02:02:08.528+0000] {processor.py:925} INFO - DAG(s) 'movie_data_pipeline' retrieved from /opt/airflow/dags/movies_clean_dag.py
[2026-03-31T02:02:08.552+0000] {logging_mixin.py:190} INFO - [2026-03-31T02:02:08.551+0000] {dag.py:3239} INFO - Sync 1 DAGs
[2026-03-31T02:02:08.575+0000] {logging_mixin.py:190} INFO - [2026-03-31T02:02:08.575+0000] {dag.py:4180} INFO - Setting next_dagrun for movie_data_pipeline to 2026-03-31 00:00:00+00:00, run_after=2026-04-01 00:00:00+00:00
[2026-03-31T02:02:08.630+0000] {processor.py:208} INFO - Processing /opt/airflow/dags/movies_clean_dag.py took 0.126 seconds
[2026-03-31T02:02:53.456+0000] {processor.py:186} INFO - Started process (PID=160) to work on /opt/airflow/dags/movies_clean_dag.py
[2026-03-31T02:02:53.458+0000] {processor.py:914} INFO - Processing file /opt/airflow/dags/movies_clean_dag.py for tasks to queue
[2026-03-31T02:02:53.461+0000] {logging_mixin.py:190} INFO - [2026-03-31T02:02:53.460+0000] {dagbag.py:588} INFO - Filling up the DagBag from /opt/airflow/dags/movies_clean_dag.py
[2026-03-31T02:02:53.511+0000] {processor.py:925} INFO - DAG(s) 'movie_data_pipeline' retrieved from /opt/airflow/dags/movies_clean_dag.py
[2026-03-31T02:02:53.825+0000] {logging_mixin.py:190} INFO - [2026-03-31T02:02:53.824+0000] {override.py:1900} INFO - Created Permission View: can read on DAG:movie_data_pipeline
[2026-03-31T02:02:53.838+0000] {logging_mixin.py:190} INFO - [2026-03-31T02:02:53.837+0000] {override.py:1900} INFO - Created Permission View: can delete on DAG:movie_data_pipeline
[2026-03-31T02:02:53.846+0000] {logging_mixin.py:190} INFO - [2026-03-31T02:02:53.846+0000] {override.py:1900} INFO - Created Permission View: can edit on DAG:movie_data_pipeline
[2026-03-31T02:02:53.856+0000] {logging_mixin.py:190} INFO - [2026-03-31T02:02:53.855+0000] {override.py:1900} INFO - Created Permission View: can read on DAG Run:movie_data_pipeline
[2026-03-31T02:02:53.864+0000] {logging_mixin.py:190} INFO - [2026-03-31T02:02:53.864+0000] {override.py:1900} INFO - Created Permission View: can create on DAG Run:movie_data_pipeline
[2026-03-31T02:02:53.873+0000] {logging_mixin.py:190} INFO - [2026-03-31T02:02:53.872+0000] {override.py:1900} INFO - Created Permission View: can delete on DAG Run:movie_data_pipeline
[2026-03-31T02:02:53.881+0000] {logging_mixin.py:190} INFO - [2026-03-31T02:02:53.880+0000] {override.py:1900} INFO - Created Permission View: menu access on DAG Run:movie_data_pipeline
[2026-03-31T02:02:53.881+0000] {logging_mixin.py:190} INFO - [2026-03-31T02:02:53.881+0000] {dag.py:3239} INFO - Sync 1 DAGs
[2026-03-31T02:02:53.902+0000] {logging_mixin.py:190} INFO - [2026-03-31T02:02:53.902+0000] {dag.py:3262} INFO - Creating ORM DAG for movie_data_pipeline
[2026-03-31T02:02:53.935+0000] {logging_mixin.py:190} INFO - [2026-03-31T02:02:53.934+0000] {dag.py:4180} INFO - Setting next_dagrun for movie_data_pipeline to 2026-03-30 00:00:00+00:00, run_after=2026-03-31 00:00:00+00:00
[2026-03-31T02:02:53.980+0000] {processor.py:208} INFO - Processing /opt/airflow/dags/movies_clean_dag.py took 0.533 seconds
[2026-03-31T02:03:24.304+0000] {processor.py:186} INFO - Started process (PID=165) to work on /opt/airflow/dags/movies_clean_dag.py
[2026-03-31T02:03:24.306+0000] {processor.py:914} INFO - Processing file /opt/airflow/dags/movies_clean_dag.py for tasks to queue
[2026-03-31T02:03:24.310+0000] {logging_mixin.py:190} INFO - [2026-03-31T02:03:24.309+0000] {dagbag.py:588} INFO - Filling up the DagBag from /opt/airflow/dags/movies_clean_dag.py
[2026-03-31T02:03:24.339+0000] {processor.py:925} INFO - DAG(s) 'movie_data_pipeline' retrieved from /opt/airflow/dags/movies_clean_dag.py
[2026-03-31T02:03:24.374+0000] {logging_mixin.py:190} INFO - [2026-03-31T02:03:24.374+0000] {dag.py:3239} INFO - Sync 1 DAGs
[2026-03-31T02:03:24.403+0000] {logging_mixin.py:190} INFO - [2026-03-31T02:03:24.402+0000] {dag.py:4180} INFO - Setting next_dagrun for movie_data_pipeline to 2026-03-30 00:00:00+00:00, run_after=2026-03-31 00:00:00+00:00
[2026-03-31T02:03:24.430+0000] {processor.py:208} INFO - Processing /opt/airflow/dags/movies_clean_dag.py took 0.135 seconds
[2026-03-31T02:03:54.595+0000] {processor.py:186} INFO - Started process (PID=170) to work on /opt/airflow/dags/movies_clean_dag.py
[2026-03-31T02:03:54.596+0000] {processor.py:914} INFO - Processing file /opt/airflow/dags/movies_clean_dag.py for tasks to queue
[2026-03-31T02:03:54.599+0000] {logging_mixin.py:190} INFO - [2026-03-31T02:03:54.598+0000] {dagbag.py:588} INFO - Filling up the DagBag from /opt/airflow/dags/movies_clean_dag.py
[2026-03-31T02:03:54.619+0000] {processor.py:925} INFO - DAG(s) 'movie_data_pipeline' retrieved from /opt/airflow/dags/movies_clean_dag.py
[2026-03-31T02:03:54.647+0000] {logging_mixin.py:190} INFO - [2026-03-31T02:03:54.647+0000] {dag.py:3239} INFO - Sync 1 DAGs
[2026-03-31T02:03:54.675+0000] {logging_mixin.py:190} INFO - [2026-03-31T02:03:54.675+0000] {dag.py:4180} INFO - Setting next_dagrun for movie_data_pipeline to 2026-03-30 00:00:00+00:00, run_after=2026-03-31 00:00:00+00:00
[2026-03-31T02:03:54.698+0000] {processor.py:208} INFO - Processing /opt/airflow/dags/movies_clean_dag.py took 0.109 seconds
[2026-03-31T02:04:24.816+0000] {processor.py:186} INFO - Started process (PID=175) to work on /opt/airflow/dags/movies_clean_dag.py
[2026-03-31T02:04:24.817+0000] {processor.py:914} INFO - Processing file /opt/airflow/dags/movies_clean_dag.py for tasks to queue
[2026-03-31T02:04:24.820+0000] {logging_mixin.py:190} INFO - [2026-03-31T02:04:24.820+0000] {dagbag.py:588} INFO - Filling up the DagBag from /opt/airflow/dags/movies_clean_dag.py
[2026-03-31T02:04:24.840+0000] {processor.py:925} INFO - DAG(s) 'movie_data_pipeline' retrieved from /opt/airflow/dags/movies_clean_dag.py
[2026-03-31T02:04:24.866+0000] {logging_mixin.py:190} INFO - [2026-03-31T02:04:24.866+0000] {dag.py:3239} INFO - Sync 1 DAGs
[2026-03-31T02:04:24.889+0000] {logging_mixin.py:190} INFO - [2026-03-31T02:04:24.888+0000] {dag.py:4180} INFO - Setting next_dagrun for movie_data_pipeline to 2026-03-30 00:00:00+00:00, run_after=2026-03-31 00:00:00+00:00
[2026-03-31T02:04:24.908+0000] {processor.py:208} INFO - Processing /opt/airflow/dags/movies_clean_dag.py took 0.098 seconds
[2026-03-31T02:04:55.744+0000] {processor.py:186} INFO - Started process (PID=180) to work on /opt/airflow/dags/movies_clean_dag.py
[2026-03-31T02:04:55.745+0000] {processor.py:914} INFO - Processing file /opt/airflow/dags/movies_clean_dag.py for tasks to queue
[2026-03-31T02:04:55.748+0000] {logging_mixin.py:190} INFO - [2026-03-31T02:04:55.747+0000] {dagbag.py:588} INFO - Filling up the DagBag from /opt/airflow/dags/movies_clean_dag.py
[2026-03-31T02:04:55.766+0000] {processor.py:925} INFO - DAG(s) 'movie_data_pipeline' retrieved from /opt/airflow/dags/movies_clean_dag.py
[2026-03-31T02:04:55.790+0000] {logging_mixin.py:190} INFO - [2026-03-31T02:04:55.789+0000] {dag.py:3239} INFO - Sync 1 DAGs
[2026-03-31T02:04:55.814+0000] {logging_mixin.py:190} INFO - [2026-03-31T02:04:55.813+0000] {dag.py:4180} INFO - Setting next_dagrun for movie_data_pipeline to 2026-03-30 00:00:00+00:00, run_after=2026-03-31 00:00:00+00:00
[2026-03-31T02:04:55.832+0000] {processor.py:208} INFO - Processing /opt/airflow/dags/movies_clean_dag.py took 0.094 seconds
[2026-03-31T02:05:26.590+0000] {processor.py:186} INFO - Started process (PID=185) to work on /opt/airflow/dags/movies_clean_dag.py
[2026-03-31T02:05:26.591+0000] {processor.py:914} INFO - Processing file /opt/airflow/dags/movies_clean_dag.py for tasks to queue
[2026-03-31T02:05:26.594+0000] {logging_mixin.py:190} INFO - [2026-03-31T02:05:26.593+0000] {dagbag.py:588} INFO - Filling up the DagBag from /opt/airflow/dags/movies_clean_dag.py
[2026-03-31T02:05:26.617+0000] {processor.py:925} INFO - DAG(s) 'movie_data_pipeline' retrieved from /opt/airflow/dags/movies_clean_dag.py
[2026-03-31T02:05:26.645+0000] {logging_mixin.py:190} INFO - [2026-03-31T02:05:26.644+0000] {dag.py:3239} INFO - Sync 1 DAGs
[2026-03-31T02:05:26.669+0000] {logging_mixin.py:190} INFO - [2026-03-31T02:05:26.669+0000] {dag.py:4180} INFO - Setting next_dagrun for movie_data_pipeline to 2026-03-30 00:00:00+00:00, run_after=2026-03-31 00:00:00+00:00
[2026-03-31T02:05:26.688+0000] {processor.py:208} INFO - Processing /opt/airflow/dags/movies_clean_dag.py took 0.103 seconds
[2026-03-31T02:05:56.890+0000] {processor.py:186} INFO - Started process (PID=190) to work on /opt/airflow/dags/movies_clean_dag.py
[2026-03-31T02:05:56.891+0000] {processor.py:914} INFO - Processing file /opt/airflow/dags/movies_clean_dag.py for tasks to queue
[2026-03-31T02:05:56.894+0000] {logging_mixin.py:190} INFO - [2026-03-31T02:05:56.893+0000] {dagbag.py:588} INFO - Filling up the DagBag from /opt/airflow/dags/movies_clean_dag.py
[2026-03-31T02:05:56.916+0000] {processor.py:925} INFO - DAG(s) 'movie_data_pipeline' retrieved from /opt/airflow/dags/movies_clean_dag.py
[2026-03-31T02:05:56.939+0000] {logging_mixin.py:190} INFO - [2026-03-31T02:05:56.939+0000] {dag.py:3239} INFO - Sync 1 DAGs
[2026-03-31T02:05:56.961+0000] {logging_mixin.py:190} INFO - [2026-03-31T02:05:56.961+0000] {dag.py:4180} INFO - Setting next_dagrun for movie_data_pipeline to 2026-03-30 00:00:00+00:00, run_after=2026-03-31 00:00:00+00:00
[2026-03-31T02:05:56.980+0000] {processor.py:208} INFO - Processing /opt/airflow/dags/movies_clean_dag.py took 0.095 seconds
[2026-03-31T02:06:27.056+0000] {processor.py:186} INFO - Started process (PID=195) to work on /opt/airflow/dags/movies_clean_dag.py
[2026-03-31T02:06:27.057+0000] {processor.py:914} INFO - Processing file /opt/airflow/dags/movies_clean_dag.py for tasks to queue
[2026-03-31T02:06:27.059+0000] {logging_mixin.py:190} INFO - [2026-03-31T02:06:27.059+0000] {dagbag.py:588} INFO - Filling up the DagBag from /opt/airflow/dags/movies_clean_dag.py
[2026-03-31T02:06:27.076+0000] {processor.py:925} INFO - DAG(s) 'movie_data_pipeline' retrieved from /opt/airflow/dags/movies_clean_dag.py
[2026-03-31T02:06:27.100+0000] {logging_mixin.py:190} INFO - [2026-03-31T02:06:27.100+0000] {dag.py:3239} INFO - Sync 1 DAGs
[2026-03-31T02:06:27.122+0000] {logging_mixin.py:190} INFO - [2026-03-31T02:06:27.122+0000] {dag.py:4180} INFO - Setting next_dagrun for movie_data_pipeline to 2026-03-30 00:00:00+00:00, run_after=2026-03-31 00:00:00+00:00
[2026-03-31T02:06:27.140+0000] {processor.py:208} INFO - Processing /opt/airflow/dags/movies_clean_dag.py took 0.090 seconds
[2026-03-31T02:06:57.954+0000] {processor.py:186} INFO - Started process (PID=200) to work on /opt/airflow/dags/movies_clean_dag.py
[2026-03-31T02:06:57.956+0000] {processor.py:914} INFO - Processing file /opt/airflow/dags/movies_clean_dag.py for tasks to queue
[2026-03-31T02:06:57.959+0000] {logging_mixin.py:190} INFO - [2026-03-31T02:06:57.959+0000] {dagbag.py:588} INFO - Filling up the DagBag from /opt/airflow/dags/movies_clean_dag.py
[2026-03-31T02:06:57.983+0000] {processor.py:925} INFO - DAG(s) 'movie_data_pipeline' retrieved from /opt/airflow/dags/movies_clean_dag.py
[2026-03-31T02:06:58.016+0000] {logging_mixin.py:190} INFO - [2026-03-31T02:06:58.015+0000] {dag.py:3239} INFO - Sync 1 DAGs
[2026-03-31T02:06:58.049+0000] {logging_mixin.py:190} INFO - [2026-03-31T02:06:58.048+0000] {dag.py:4180} INFO - Setting next_dagrun for movie_data_pipeline to 2026-03-30 00:00:00+00:00, run_after=2026-03-31 00:00:00+00:00
[2026-03-31T02:06:58.075+0000] {processor.py:208} INFO - Processing /opt/airflow/dags/movies_clean_dag.py took 0.128 seconds
[2026-03-31T02:07:28.959+0000] {processor.py:186} INFO - Started process (PID=205) to work on /opt/airflow/dags/movies_clean_dag.py
[2026-03-31T02:07:28.960+0000] {processor.py:914} INFO - Processing file /opt/airflow/dags/movies_clean_dag.py for tasks to queue
[2026-03-31T02:07:28.965+0000] {logging_mixin.py:190} INFO - [2026-03-31T02:07:28.965+0000] {dagbag.py:588} INFO - Filling up the DagBag from /opt/airflow/dags/movies_clean_dag.py
[2026-03-31T02:07:28.988+0000] {processor.py:925} INFO - DAG(s) 'movie_data_pipeline' retrieved from /opt/airflow/dags/movies_clean_dag.py
[2026-03-31T02:07:29.012+0000] {logging_mixin.py:190} INFO - [2026-03-31T02:07:29.012+0000] {dag.py:3239} INFO - Sync 1 DAGs
[2026-03-31T02:07:29.035+0000] {logging_mixin.py:190} INFO - [2026-03-31T02:07:29.035+0000] {dag.py:4180} INFO - Setting next_dagrun for movie_data_pipeline to 2026-03-30 00:00:00+00:00, run_after=2026-03-31 00:00:00+00:00
[2026-03-31T02:07:29.055+0000] {processor.py:208} INFO - Processing /opt/airflow/dags/movies_clean_dag.py took 0.102 seconds
[2026-03-31T02:07:59.304+0000] {processor.py:186} INFO - Started process (PID=210) to work on /opt/airflow/dags/movies_clean_dag.py
[2026-03-31T02:07:59.305+0000] {processor.py:914} INFO - Processing file /opt/airflow/dags/movies_clean_dag.py for tasks to queue
[2026-03-31T02:07:59.307+0000] {logging_mixin.py:190} INFO - [2026-03-31T02:07:59.307+0000] {dagbag.py:588} INFO - Filling up the DagBag from /opt/airflow/dags/movies_clean_dag.py
[2026-03-31T02:07:59.326+0000] {processor.py:925} INFO - DAG(s) 'movie_data_pipeline' retrieved from /opt/airflow/dags/movies_clean_dag.py
[2026-03-31T02:07:59.358+0000] {logging_mixin.py:190} INFO - [2026-03-31T02:07:59.358+0000] {dag.py:3239} INFO - Sync 1 DAGs
[2026-03-31T02:07:59.384+0000] {logging_mixin.py:190} INFO - [2026-03-31T02:07:59.384+0000] {dag.py:4180} INFO - Setting next_dagrun for movie_data_pipeline to 2026-03-30 00:00:00+00:00, run_after=2026-03-31 00:00:00+00:00
[2026-03-31T02:07:59.402+0000] {processor.py:208} INFO - Processing /opt/airflow/dags/movies_clean_dag.py took 0.103 seconds
[2026-03-31T02:08:29.552+0000] {processor.py:186} INFO - Started process (PID=215) to work on /opt/airflow/dags/movies_clean_dag.py
[2026-03-31T02:08:29.554+0000] {processor.py:914} INFO - Processing file /opt/airflow/dags/movies_clean_dag.py for tasks to queue
[2026-03-31T02:08:29.556+0000] {logging_mixin.py:190} INFO - [2026-03-31T02:08:29.556+0000] {dagbag.py:588} INFO - Filling up the DagBag from /opt/airflow/dags/movies_clean_dag.py
[2026-03-31T02:08:29.580+0000] {processor.py:925} INFO - DAG(s) 'movie_data_pipeline' retrieved from /opt/airflow/dags/movies_clean_dag.py
[2026-03-31T02:08:29.610+0000] {logging_mixin.py:190} INFO - [2026-03-31T02:08:29.609+0000] {dag.py:3239} INFO - Sync 1 DAGs
[2026-03-31T02:08:29.637+0000] {logging_mixin.py:190} INFO - [2026-03-31T02:08:29.637+0000] {dag.py:4180} INFO - Setting next_dagrun for movie_data_pipeline to 2026-03-30 00:00:00+00:00, run_after=2026-03-31 00:00:00+00:00
[2026-03-31T02:08:29.662+0000] {processor.py:208} INFO - Processing /opt/airflow/dags/movies_clean_dag.py took 0.117 seconds
[2026-03-31T02:09:00.419+0000] {processor.py:186} INFO - Started process (PID=220) to work on /opt/airflow/dags/movies_clean_dag.py
[2026-03-31T02:09:00.420+0000] {processor.py:914} INFO - Processing file /opt/airflow/dags/movies_clean_dag.py for tasks to queue
[2026-03-31T02:09:00.422+0000] {logging_mixin.py:190} INFO - [2026-03-31T02:09:00.422+0000] {dagbag.py:588} INFO - Filling up the DagBag from /opt/airflow/dags/movies_clean_dag.py
[2026-03-31T02:09:00.439+0000] {processor.py:925} INFO - DAG(s) 'movie_data_pipeline' retrieved from /opt/airflow/dags/movies_clean_dag.py
[2026-03-31T02:09:00.463+0000] {logging_mixin.py:190} INFO - [2026-03-31T02:09:00.463+0000] {dag.py:3239} INFO - Sync 1 DAGs
[2026-03-31T02:09:00.489+0000] {logging_mixin.py:190} INFO - [2026-03-31T02:09:00.489+0000] {dag.py:4180} INFO - Setting next_dagrun for movie_data_pipeline to 2026-03-30 00:00:00+00:00, run_after=2026-03-31 00:00:00+00:00
[2026-03-31T02:09:00.508+0000] {processor.py:208} INFO - Processing /opt/airflow/dags/movies_clean_dag.py took 0.095 seconds
[2026-03-31T02:09:31.236+0000] {processor.py:186} INFO - Started process (PID=225) to work on /opt/airflow/dags/movies_clean_dag.py
[2026-03-31T02:09:31.238+0000] {processor.py:914} INFO - Processing file /opt/airflow/dags/movies_clean_dag.py for tasks to queue
[2026-03-31T02:09:31.241+0000] {logging_mixin.py:190} INFO - [2026-03-31T02:09:31.240+0000] {dagbag.py:588} INFO - Filling up the DagBag from /opt/airflow/dags/movies_clean_dag.py
[2026-03-31T02:09:31.276+0000] {processor.py:925} INFO - DAG(s) 'movie_data_pipeline' retrieved from /opt/airflow/dags/movies_clean_dag.py
[2026-03-31T02:09:31.311+0000] {logging_mixin.py:190} INFO - [2026-03-31T02:09:31.311+0000] {dag.py:3239} INFO - Sync 1 DAGs
[2026-03-31T02:09:31.344+0000] {logging_mixin.py:190} INFO - [2026-03-31T02:09:31.344+0000] {dag.py:4180} INFO - Setting next_dagrun for movie_data_pipeline to 2026-03-30 00:00:00+00:00, run_after=2026-03-31 00:00:00+00:00
[2026-03-31T02:09:31.371+0000] {processor.py:208} INFO - Processing /opt/airflow/dags/movies_clean_dag.py took 0.142 seconds
[2026-03-31T02:10:25.192+0000] {processor.py:186} INFO - Started process (PID=160) to work on /opt/airflow/dags/movies_clean_dag.py
[2026-03-31T02:10:25.193+0000] {processor.py:914} INFO - Processing file /opt/airflow/dags/movies_clean_dag.py for tasks to queue
[2026-03-31T02:10:25.195+0000] {logging_mixin.py:190} INFO - [2026-03-31T02:10:25.195+0000] {dagbag.py:588} INFO - Filling up the DagBag from /opt/airflow/dags/movies_clean_dag.py
[2026-03-31T02:10:25.242+0000] {processor.py:925} INFO - DAG(s) 'movie_data_pipeline' retrieved from /opt/airflow/dags/movies_clean_dag.py
[2026-03-31T02:10:25.500+0000] {logging_mixin.py:190} INFO - [2026-03-31T02:10:25.499+0000] {override.py:1900} INFO - Created Permission View: can delete on DAG:movie_data_pipeline
[2026-03-31T02:10:25.511+0000] {logging_mixin.py:190} INFO - [2026-03-31T02:10:25.510+0000] {override.py:1900} INFO - Created Permission View: can edit on DAG:movie_data_pipeline
[2026-03-31T02:10:25.518+0000] {logging_mixin.py:190} INFO - [2026-03-31T02:10:25.517+0000] {override.py:1900} INFO - Created Permission View: can read on DAG:movie_data_pipeline
[2026-03-31T02:10:25.525+0000] {logging_mixin.py:190} INFO - [2026-03-31T02:10:25.525+0000] {override.py:1900} INFO - Created Permission View: can create on DAG Run:movie_data_pipeline
[2026-03-31T02:10:25.532+0000] {logging_mixin.py:190} INFO - [2026-03-31T02:10:25.532+0000] {override.py:1900} INFO - Created Permission View: menu access on DAG Run:movie_data_pipeline
[2026-03-31T02:10:25.539+0000] {logging_mixin.py:190} INFO - [2026-03-31T02:10:25.539+0000] {override.py:1900} INFO - Created Permission View: can delete on DAG Run:movie_data_pipeline
[2026-03-31T02:10:25.546+0000] {logging_mixin.py:190} INFO - [2026-03-31T02:10:25.545+0000] {override.py:1900} INFO - Created Permission View: can read on DAG Run:movie_data_pipeline
[2026-03-31T02:10:25.546+0000] {logging_mixin.py:190} INFO - [2026-03-31T02:10:25.546+0000] {dag.py:3239} INFO - Sync 1 DAGs
[2026-03-31T02:10:25.559+0000] {logging_mixin.py:190} INFO - [2026-03-31T02:10:25.559+0000] {dag.py:3262} INFO - Creating ORM DAG for movie_data_pipeline
[2026-03-31T02:10:25.571+0000] {logging_mixin.py:190} INFO - [2026-03-31T02:10:25.571+0000] {dag.py:4180} INFO - Setting next_dagrun for movie_data_pipeline to 2026-03-30 00:00:00+00:00, run_after=2026-03-31 00:00:00+00:00
[2026-03-31T02:10:25.590+0000] {processor.py:208} INFO - Processing /opt/airflow/dags/movies_clean_dag.py took 0.405 seconds
[2026-03-31T02:10:56.108+0000] {processor.py:186} INFO - Started process (PID=165) to work on /opt/airflow/dags/movies_clean_dag.py
[2026-03-31T02:10:56.110+0000] {processor.py:914} INFO - Processing file /opt/airflow/dags/movies_clean_dag.py for tasks to queue
[2026-03-31T02:10:56.113+0000] {logging_mixin.py:190} INFO - [2026-03-31T02:10:56.113+0000] {dagbag.py:588} INFO - Filling up the DagBag from /opt/airflow/dags/movies_clean_dag.py
[2026-03-31T02:10:56.142+0000] {processor.py:925} INFO - DAG(s) 'movie_data_pipeline' retrieved from /opt/airflow/dags/movies_clean_dag.py
[2026-03-31T02:10:56.183+0000] {logging_mixin.py:190} INFO - [2026-03-31T02:10:56.183+0000] {dag.py:3239} INFO - Sync 1 DAGs
[2026-03-31T02:10:56.218+0000] {logging_mixin.py:190} INFO - [2026-03-31T02:10:56.218+0000] {dag.py:4180} INFO - Setting next_dagrun for movie_data_pipeline to 2026-03-30 00:00:00+00:00, run_after=2026-03-31 00:00:00+00:00
[2026-03-31T02:10:56.240+0000] {processor.py:208} INFO - Processing /opt/airflow/dags/movies_clean_dag.py took 0.139 seconds
[2026-03-31T02:11:26.821+0000] {processor.py:186} INFO - Started process (PID=170) to work on /opt/airflow/dags/movies_clean_dag.py
[2026-03-31T02:11:26.823+0000] {processor.py:914} INFO - Processing file /opt/airflow/dags/movies_clean_dag.py for tasks to queue
[2026-03-31T02:11:26.826+0000] {logging_mixin.py:190} INFO - [2026-03-31T02:11:26.826+0000] {dagbag.py:588} INFO - Filling up the DagBag from /opt/airflow/dags/movies_clean_dag.py
[2026-03-31T02:11:26.869+0000] {processor.py:925} INFO - DAG(s) 'movie_data_pipeline' retrieved from /opt/airflow/dags/movies_clean_dag.py
[2026-03-31T02:11:26.903+0000] {logging_mixin.py:190} INFO - [2026-03-31T02:11:26.903+0000] {dag.py:3239} INFO - Sync 1 DAGs
[2026-03-31T02:11:26.929+0000] {logging_mixin.py:190} INFO - [2026-03-31T02:11:26.928+0000] {dag.py:4180} INFO - Setting next_dagrun for movie_data_pipeline to 2026-03-30 00:00:00+00:00, run_after=2026-03-31 00:00:00+00:00
[2026-03-31T02:11:26.951+0000] {processor.py:208} INFO - Processing /opt/airflow/dags/movies_clean_dag.py took 0.137 seconds
[2026-03-31T02:11:57.191+0000] {processor.py:186} INFO - Started process (PID=175) to work on /opt/airflow/dags/movies_clean_dag.py
[2026-03-31T02:11:57.193+0000] {processor.py:914} INFO - Processing file /opt/airflow/dags/movies_clean_dag.py for tasks to queue
[2026-03-31T02:11:57.197+0000] {logging_mixin.py:190} INFO - [2026-03-31T02:11:57.196+0000] {dagbag.py:588} INFO - Filling up the DagBag from /opt/airflow/dags/movies_clean_dag.py
[2026-03-31T02:11:57.227+0000] {processor.py:925} INFO - DAG(s) 'movie_data_pipeline' retrieved from /opt/airflow/dags/movies_clean_dag.py
[2026-03-31T02:11:57.258+0000] {logging_mixin.py:190} INFO - [2026-03-31T02:11:57.258+0000] {dag.py:3239} INFO - Sync 1 DAGs
[2026-03-31T02:11:57.286+0000] {logging_mixin.py:190} INFO - [2026-03-31T02:11:57.286+0000] {dag.py:4180} INFO - Setting next_dagrun for movie_data_pipeline to 2026-03-30 00:00:00+00:00, run_after=2026-03-31 00:00:00+00:00
[2026-03-31T02:11:57.313+0000] {processor.py:208} INFO - Processing /opt/airflow/dags/movies_clean_dag.py took 0.133 seconds
[2026-03-31T02:12:27.373+0000] {processor.py:186} INFO - Started process (PID=180) to work on /opt/airflow/dags/movies_clean_dag.py
[2026-03-31T02:12:27.375+0000] {processor.py:914} INFO - Processing file /opt/airflow/dags/movies_clean_dag.py for tasks to queue
[2026-03-31T02:12:27.377+0000] {logging_mixin.py:190} INFO - [2026-03-31T02:12:27.377+0000] {dagbag.py:588} INFO - Filling up the DagBag from /opt/airflow/dags/movies_clean_dag.py
[2026-03-31T02:12:27.394+0000] {processor.py:925} INFO - DAG(s) 'movie_data_pipeline' retrieved from /opt/airflow/dags/movies_clean_dag.py
[2026-03-31T02:12:27.418+0000] {logging_mixin.py:190} INFO - [2026-03-31T02:12:27.418+0000] {dag.py:3239} INFO - Sync 1 DAGs
[2026-03-31T02:12:27.445+0000] {logging_mixin.py:190} INFO - [2026-03-31T02:12:27.445+0000] {dag.py:4180} INFO - Setting next_dagrun for movie_data_pipeline to 2026-03-30 00:00:00+00:00, run_after=2026-03-31 00:00:00+00:00
[2026-03-31T02:12:27.463+0000] {processor.py:208} INFO - Processing /opt/airflow/dags/movies_clean_dag.py took 0.095 seconds
[2026-03-31T02:12:58.233+0000] {processor.py:186} INFO - Started process (PID=185) to work on /opt/airflow/dags/movies_clean_dag.py
[2026-03-31T02:12:58.234+0000] {processor.py:914} INFO - Processing file /opt/airflow/dags/movies_clean_dag.py for tasks to queue
[2026-03-31T02:12:58.237+0000] {logging_mixin.py:190} INFO - [2026-03-31T02:12:58.237+0000] {dagbag.py:588} INFO - Filling up the DagBag from /opt/airflow/dags/movies_clean_dag.py
[2026-03-31T02:12:58.255+0000] {processor.py:925} INFO - DAG(s) 'movie_data_pipeline' retrieved from /opt/airflow/dags/movies_clean_dag.py
[2026-03-31T02:12:58.280+0000] {logging_mixin.py:190} INFO - [2026-03-31T02:12:58.280+0000] {dag.py:3239} INFO - Sync 1 DAGs
[2026-03-31T02:12:58.303+0000] {logging_mixin.py:190} INFO - [2026-03-31T02:12:58.302+0000] {dag.py:4180} INFO - Setting next_dagrun for movie_data_pipeline to 2026-03-30 00:00:00+00:00, run_after=2026-03-31 00:00:00+00:00
[2026-03-31T02:12:58.320+0000] {processor.py:208} INFO - Processing /opt/airflow/dags/movies_clean_dag.py took 0.093 seconds
[2026-03-31T02:13:28.763+0000] {processor.py:186} INFO - Started process (PID=190) to work on /opt/airflow/dags/movies_clean_dag.py
[2026-03-31T02:13:28.766+0000] {processor.py:914} INFO - Processing file /opt/airflow/dags/movies_clean_dag.py for tasks to queue
[2026-03-31T02:13:28.771+0000] {logging_mixin.py:190} INFO - [2026-03-31T02:13:28.770+0000] {dagbag.py:588} INFO - Filling up the DagBag from /opt/airflow/dags/movies_clean_dag.py
[2026-03-31T02:13:28.806+0000] {processor.py:925} INFO - DAG(s) 'movie_data_pipeline' retrieved from /opt/airflow/dags/movies_clean_dag.py
[2026-03-31T02:13:28.837+0000] {logging_mixin.py:190} INFO - [2026-03-31T02:13:28.837+0000] {dag.py:3239} INFO - Sync 1 DAGs
[2026-03-31T02:13:28.866+0000] {logging_mixin.py:190} INFO - [2026-03-31T02:13:28.866+0000] {dag.py:4180} INFO - Setting next_dagrun for movie_data_pipeline to 2026-03-30 00:00:00+00:00, run_after=2026-03-31 00:00:00+00:00
[2026-03-31T02:13:28.890+0000] {processor.py:208} INFO - Processing /opt/airflow/dags/movies_clean_dag.py took 0.137 seconds
[2026-03-31T02:13:58.985+0000] {processor.py:186} INFO - Started process (PID=195) to work on /opt/airflow/dags/movies_clean_dag.py
[2026-03-31T02:13:58.987+0000] {processor.py:914} INFO - Processing file /opt/airflow/dags/movies_clean_dag.py for tasks to queue
[2026-03-31T02:13:58.990+0000] {logging_mixin.py:190} INFO - [2026-03-31T02:13:58.990+0000] {dagbag.py:588} INFO - Filling up the DagBag from /opt/airflow/dags/movies_clean_dag.py
[2026-03-31T02:13:59.018+0000] {processor.py:925} INFO - DAG(s) 'movie_data_pipeline' retrieved from /opt/airflow/dags/movies_clean_dag.py
[2026-03-31T02:13:59.046+0000] {logging_mixin.py:190} INFO - [2026-03-31T02:13:59.046+0000] {dag.py:3239} INFO - Sync 1 DAGs
[2026-03-31T02:13:59.075+0000] {logging_mixin.py:190} INFO - [2026-03-31T02:13:59.075+0000] {dag.py:4180} INFO - Setting next_dagrun for movie_data_pipeline to 2026-03-30 00:00:00+00:00, run_after=2026-03-31 00:00:00+00:00
[2026-03-31T02:13:59.098+0000] {processor.py:208} INFO - Processing /opt/airflow/dags/movies_clean_dag.py took 0.119 seconds
[2026-03-31T02:14:29.180+0000] {processor.py:186} INFO - Started process (PID=200) to work on /opt/airflow/dags/movies_clean_dag.py
[2026-03-31T02:14:29.181+0000] {processor.py:914} INFO - Processing file /opt/airflow/dags/movies_clean_dag.py for tasks to queue
[2026-03-31T02:14:29.184+0000] {logging_mixin.py:190} INFO - [2026-03-31T02:14:29.184+0000] {dagbag.py:588} INFO - Filling up the DagBag from /opt/airflow/dags/movies_clean_dag.py
[2026-03-31T02:14:29.209+0000] {processor.py:925} INFO - DAG(s) 'movie_data_pipeline' retrieved from /opt/airflow/dags/movies_clean_dag.py
[2026-03-31T02:14:29.237+0000] {logging_mixin.py:190} INFO - [2026-03-31T02:14:29.237+0000] {dag.py:3239} INFO - Sync 1 DAGs
[2026-03-31T02:14:29.261+0000] {logging_mixin.py:190} INFO - [2026-03-31T02:14:29.261+0000] {dag.py:4180} INFO - Setting next_dagrun for movie_data_pipeline to 2026-03-30 00:00:00+00:00, run_after=2026-03-31 00:00:00+00:00
[2026-03-31T02:14:29.279+0000] {processor.py:208} INFO - Processing /opt/airflow/dags/movies_clean_dag.py took 0.105 seconds
[2026-03-31T02:15:00.040+0000] {processor.py:186} INFO - Started process (PID=205) to work on /opt/airflow/dags/movies_clean_dag.py
[2026-03-31T02:15:00.041+0000] {processor.py:914} INFO - Processing file /opt/airflow/dags/movies_clean_dag.py for tasks to queue
[2026-03-31T02:15:00.043+0000] {logging_mixin.py:190} INFO - [2026-03-31T02:15:00.043+0000] {dagbag.py:588} INFO - Filling up the DagBag from /opt/airflow/dags/movies_clean_dag.py
[2026-03-31T02:15:00.062+0000] {processor.py:925} INFO - DAG(s) 'movie_data_pipeline' retrieved from /opt/airflow/dags/movies_clean_dag.py
[2026-03-31T02:15:00.088+0000] {logging_mixin.py:190} INFO - [2026-03-31T02:15:00.088+0000] {dag.py:3239} INFO - Sync 1 DAGs
[2026-03-31T02:15:00.117+0000] {logging_mixin.py:190} INFO - [2026-03-31T02:15:00.117+0000] {dag.py:4180} INFO - Setting next_dagrun for movie_data_pipeline to 2026-03-30 00:00:00+00:00, run_after=2026-03-31 00:00:00+00:00
[2026-03-31T02:15:00.138+0000] {processor.py:208} INFO - Processing /opt/airflow/dags/movies_clean_dag.py took 0.104 seconds
[2026-03-31T02:15:30.672+0000] {processor.py:186} INFO - Started process (PID=210) to work on /opt/airflow/dags/movies_clean_dag.py
[2026-03-31T02:15:30.673+0000] {processor.py:914} INFO - Processing file /opt/airflow/dags/movies_clean_dag.py for tasks to queue
[2026-03-31T02:15:30.675+0000] {logging_mixin.py:190} INFO - [2026-03-31T02:15:30.675+0000] {dagbag.py:588} INFO - Filling up the DagBag from /opt/airflow/dags/movies_clean_dag.py
[2026-03-31T02:15:30.702+0000] {processor.py:925} INFO - DAG(s) 'movie_data_pipeline' retrieved from /opt/airflow/dags/movies_clean_dag.py
[2026-03-31T02:15:30.730+0000] {logging_mixin.py:190} INFO - [2026-03-31T02:15:30.729+0000] {dag.py:3239} INFO - Sync 1 DAGs
[2026-03-31T02:15:30.760+0000] {logging_mixin.py:190} INFO - [2026-03-31T02:15:30.760+0000] {dag.py:4180} INFO - Setting next_dagrun for movie_data_pipeline to 2026-03-30 00:00:00+00:00, run_after=2026-03-31 00:00:00+00:00
[2026-03-31T02:15:30.781+0000] {processor.py:208} INFO - Processing /opt/airflow/dags/movies_clean_dag.py took 0.115 seconds
[2026-03-31T02:16:00.876+0000] {processor.py:186} INFO - Started process (PID=215) to work on /opt/airflow/dags/movies_clean_dag.py
[2026-03-31T02:16:00.878+0000] {processor.py:914} INFO - Processing file /opt/airflow/dags/movies_clean_dag.py for tasks to queue
[2026-03-31T02:16:00.890+0000] {logging_mixin.py:190} INFO - [2026-03-31T02:16:00.890+0000] {dagbag.py:588} INFO - Filling up the DagBag from /opt/airflow/dags/movies_clean_dag.py
[2026-03-31T02:16:00.935+0000] {processor.py:925} INFO - DAG(s) 'movie_data_pipeline' retrieved from /opt/airflow/dags/movies_clean_dag.py
[2026-03-31T02:16:00.962+0000] {logging_mixin.py:190} INFO - [2026-03-31T02:16:00.962+0000] {dag.py:3239} INFO - Sync 1 DAGs
[2026-03-31T02:16:00.989+0000] {logging_mixin.py:190} INFO - [2026-03-31T02:16:00.988+0000] {dag.py:4180} INFO - Setting next_dagrun for movie_data_pipeline to 2026-03-30 00:00:00+00:00, run_after=2026-03-31 00:00:00+00:00
[2026-03-31T02:16:01.016+0000] {processor.py:208} INFO - Processing /opt/airflow/dags/movies_clean_dag.py took 0.146 seconds
[2026-03-31T02:16:32.048+0000] {processor.py:186} INFO - Started process (PID=220) to work on /opt/airflow/dags/movies_clean_dag.py
[2026-03-31T02:16:32.050+0000] {processor.py:914} INFO - Processing file /opt/airflow/dags/movies_clean_dag.py for tasks to queue
[2026-03-31T02:16:32.052+0000] {logging_mixin.py:190} INFO - [2026-03-31T02:16:32.052+0000] {dagbag.py:588} INFO - Filling up the DagBag from /opt/airflow/dags/movies_clean_dag.py
[2026-03-31T02:16:32.092+0000] {processor.py:925} INFO - DAG(s) 'movie_data_pipeline' retrieved from /opt/airflow/dags/movies_clean_dag.py
[2026-03-31T02:16:32.123+0000] {logging_mixin.py:190} INFO - [2026-03-31T02:16:32.123+0000] {dag.py:3239} INFO - Sync 1 DAGs
[2026-03-31T02:16:32.154+0000] {logging_mixin.py:190} INFO - [2026-03-31T02:16:32.153+0000] {dag.py:4180} INFO - Setting next_dagrun for movie_data_pipeline to 2026-03-30 00:00:00+00:00, run_after=2026-03-31 00:00:00+00:00
[2026-03-31T02:16:32.186+0000] {processor.py:208} INFO - Processing /opt/airflow/dags/movies_clean_dag.py took 0.143 seconds
[2026-03-31T02:17:02.880+0000] {processor.py:186} INFO - Started process (PID=225) to work on /opt/airflow/dags/movies_clean_dag.py
[2026-03-31T02:17:02.881+0000] {processor.py:914} INFO - Processing file /opt/airflow/dags/movies_clean_dag.py for tasks to queue
[2026-03-31T02:17:02.884+0000] {logging_mixin.py:190} INFO - [2026-03-31T02:17:02.884+0000] {dagbag.py:588} INFO - Filling up the DagBag from /opt/airflow/dags/movies_clean_dag.py
[2026-03-31T02:17:02.920+0000] {processor.py:925} INFO - DAG(s) 'movie_data_pipeline' retrieved from /opt/airflow/dags/movies_clean_dag.py
[2026-03-31T02:17:02.956+0000] {logging_mixin.py:190} INFO - [2026-03-31T02:17:02.956+0000] {dag.py:3239} INFO - Sync 1 DAGs
[2026-03-31T02:17:02.984+0000] {logging_mixin.py:190} INFO - [2026-03-31T02:17:02.983+0000] {dag.py:4180} INFO - Setting next_dagrun for movie_data_pipeline to 2026-03-30 00:00:00+00:00, run_after=2026-03-31 00:00:00+00:00
[2026-03-31T02:17:03.006+0000] {processor.py:208} INFO - Processing /opt/airflow/dags/movies_clean_dag.py took 0.131 seconds
[2026-03-31T02:17:33.363+0000] {processor.py:186} INFO - Started process (PID=230) to work on /opt/airflow/dags/movies_clean_dag.py
[2026-03-31T02:17:33.365+0000] {processor.py:914} INFO - Processing file /opt/airflow/dags/movies_clean_dag.py for tasks to queue
[2026-03-31T02:17:33.369+0000] {logging_mixin.py:190} INFO - [2026-03-31T02:17:33.368+0000] {dagbag.py:588} INFO - Filling up the DagBag from /opt/airflow/dags/movies_clean_dag.py
[2026-03-31T02:17:33.419+0000] {processor.py:925} INFO - DAG(s) 'movie_data_pipeline' retrieved from /opt/airflow/dags/movies_clean_dag.py
[2026-03-31T02:17:33.443+0000] {logging_mixin.py:190} INFO - [2026-03-31T02:17:33.443+0000] {dag.py:3239} INFO - Sync 1 DAGs
[2026-03-31T02:17:33.466+0000] {logging_mixin.py:190} INFO - [2026-03-31T02:17:33.466+0000] {dag.py:4180} INFO - Setting next_dagrun for movie_data_pipeline to 2026-03-30 00:00:00+00:00, run_after=2026-03-31 00:00:00+00:00
[2026-03-31T02:17:33.490+0000] {processor.py:208} INFO - Processing /opt/airflow/dags/movies_clean_dag.py took 0.133 seconds
[2026-03-31T02:18:04.945+0000] {processor.py:186} INFO - Started process (PID=235) to work on /opt/airflow/dags/movies_clean_dag.py
[2026-03-31T02:18:04.948+0000] {processor.py:914} INFO - Processing file /opt/airflow/dags/movies_clean_dag.py for tasks to queue
[2026-03-31T02:18:04.953+0000] {logging_mixin.py:190} INFO - [2026-03-31T02:18:04.953+0000] {dagbag.py:588} INFO - Filling up the DagBag from /opt/airflow/dags/movies_clean_dag.py
[2026-03-31T02:18:05.010+0000] {processor.py:925} INFO - DAG(s) 'movie_data_pipeline' retrieved from /opt/airflow/dags/movies_clean_dag.py
[2026-03-31T02:18:05.089+0000] {logging_mixin.py:190} INFO - [2026-03-31T02:18:05.089+0000] {dag.py:3239} INFO - Sync 1 DAGs
[2026-03-31T02:18:05.170+0000] {logging_mixin.py:190} INFO - [2026-03-31T02:18:05.169+0000] {dag.py:4180} INFO - Setting next_dagrun for movie_data_pipeline to 2026-03-30 00:00:00+00:00, run_after=2026-03-31 00:00:00+00:00
[2026-03-31T02:18:05.234+0000] {processor.py:208} INFO - Processing /opt/airflow/dags/movies_clean_dag.py took 0.302 seconds
[2026-03-31T02:18:36.048+0000] {processor.py:186} INFO - Started process (PID=240) to work on /opt/airflow/dags/movies_clean_dag.py
[2026-03-31T02:18:36.049+0000] {processor.py:914} INFO - Processing file /opt/airflow/dags/movies_clean_dag.py for tasks to queue
[2026-03-31T02:18:36.053+0000] {logging_mixin.py:190} INFO - [2026-03-31T02:18:36.052+0000] {dagbag.py:588} INFO - Filling up the DagBag from /opt/airflow/dags/movies_clean_dag.py
[2026-03-31T02:18:36.095+0000] {processor.py:925} INFO - DAG(s) 'movie_data_pipeline' retrieved from /opt/airflow/dags/movies_clean_dag.py
[2026-03-31T02:18:36.127+0000] {logging_mixin.py:190} INFO - [2026-03-31T02:18:36.127+0000] {dag.py:3239} INFO - Sync 1 DAGs
[2026-03-31T02:18:36.155+0000] {logging_mixin.py:190} INFO - [2026-03-31T02:18:36.154+0000] {dag.py:4180} INFO - Setting next_dagrun for movie_data_pipeline to 2026-03-30 00:00:00+00:00, run_after=2026-03-31 00:00:00+00:00
[2026-03-31T02:18:36.183+0000] {processor.py:208} INFO - Processing /opt/airflow/dags/movies_clean_dag.py took 0.143 seconds
[2026-03-31T02:19:06.977+0000] {processor.py:186} INFO - Started process (PID=245) to work on /opt/airflow/dags/movies_clean_dag.py
[2026-03-31T02:19:07.001+0000] {processor.py:914} INFO - Processing file /opt/airflow/dags/movies_clean_dag.py for tasks to queue
[2026-03-31T02:19:07.006+0000] {logging_mixin.py:190} INFO - [2026-03-31T02:19:07.005+0000] {dagbag.py:588} INFO - Filling up the DagBag from /opt/airflow/dags/movies_clean_dag.py
[2026-03-31T02:19:07.133+0000] {processor.py:925} INFO - DAG(s) 'movie_data_pipeline' retrieved from /opt/airflow/dags/movies_clean_dag.py
[2026-03-31T02:19:07.157+0000] {logging_mixin.py:190} INFO - [2026-03-31T02:19:07.157+0000] {dag.py:3239} INFO - Sync 1 DAGs
[2026-03-31T02:19:07.181+0000] {logging_mixin.py:190} INFO - [2026-03-31T02:19:07.181+0000] {dag.py:4180} INFO - Setting next_dagrun for movie_data_pipeline to 2026-03-30 00:00:00+00:00, run_after=2026-03-31 00:00:00+00:00
[2026-03-31T02:19:07.204+0000] {processor.py:208} INFO - Processing /opt/airflow/dags/movies_clean_dag.py took 0.232 seconds
[2026-03-31T02:19:37.543+0000] {processor.py:186} INFO - Started process (PID=250) to work on /opt/airflow/dags/movies_clean_dag.py
[2026-03-31T02:19:37.545+0000] {processor.py:914} INFO - Processing file /opt/airflow/dags/movies_clean_dag.py for tasks to queue
[2026-03-31T02:19:37.547+0000] {logging_mixin.py:190} INFO - [2026-03-31T02:19:37.547+0000] {dagbag.py:588} INFO - Filling up the DagBag from /opt/airflow/dags/movies_clean_dag.py
[2026-03-31T02:19:37.566+0000] {processor.py:925} INFO - DAG(s) 'movie_data_pipeline' retrieved from /opt/airflow/dags/movies_clean_dag.py
[2026-03-31T02:19:37.587+0000] {logging_mixin.py:190} INFO - [2026-03-31T02:19:37.587+0000] {dag.py:3239} INFO - Sync 1 DAGs
[2026-03-31T02:19:37.607+0000] {logging_mixin.py:190} INFO - [2026-03-31T02:19:37.607+0000] {dag.py:4180} INFO - Setting next_dagrun for movie_data_pipeline to 2026-03-30 00:00:00+00:00, run_after=2026-03-31 00:00:00+00:00
[2026-03-31T02:19:37.626+0000] {processor.py:208} INFO - Processing /opt/airflow/dags/movies_clean_dag.py took 0.088 seconds
