[2026-03-29T20:43:45.978+0000] {local_task_job_runner.py:123} INFO - ::group::Pre task execution logs
[2026-03-29T20:43:45.998+0000] {taskinstance.py:2612} INFO - Dependencies all met for dep_context=non-requeueable deps ti=<TaskInstance: movie_data_pipeline.pipeline_success manual__2026-03-29T20:43:27.734761+00:00 [queued]>
[2026-03-29T20:43:46.007+0000] {taskinstance.py:2612} INFO - Dependencies all met for dep_context=requeueable deps ti=<TaskInstance: movie_data_pipeline.pipeline_success manual__2026-03-29T20:43:27.734761+00:00 [queued]>
[2026-03-29T20:43:46.009+0000] {taskinstance.py:2865} INFO - Starting attempt 1 of 2
[2026-03-29T20:43:46.023+0000] {taskinstance.py:2888} INFO - Executing <Task(BashOperator): pipeline_success> on 2026-03-29 20:43:27.734761+00:00
[2026-03-29T20:43:46.036+0000] {logging_mixin.py:190} WARNING - /home/***/.local/lib/python3.12/site-packages/***/task/task_runner/standard_task_runner.py:70 DeprecationWarning: This process (pid=288) is multi-threaded, use of fork() may lead to deadlocks in the child.
[2026-03-29T20:43:46.037+0000] {standard_task_runner.py:104} INFO - Running: ['***', 'tasks', 'run', 'movie_data_pipeline', 'pipeline_success', 'manual__2026-03-29T20:43:27.734761+00:00', '--job-id', '46', '--raw', '--subdir', 'DAGS_FOLDER/movies_clean_dag.py', '--cfg-path', '/tmp/tmpxhv12o6l']
[2026-03-29T20:43:46.042+0000] {standard_task_runner.py:72} INFO - Started process 289 to run task
[2026-03-29T20:43:46.042+0000] {standard_task_runner.py:105} INFO - Job 46: Subtask pipeline_success
[2026-03-29T20:43:46.058+0000] {logging_mixin.py:190} WARNING - /home/***/.local/lib/python3.12/site-packages/***/settings.py:209 DeprecationWarning: The sql_alchemy_conn option in [core] has been moved to the sql_alchemy_conn option in [database] - the old setting has been used, but please update your config.
[2026-03-29T20:43:46.096+0000] {task_command.py:467} INFO - Running <TaskInstance: movie_data_pipeline.pipeline_success manual__2026-03-29T20:43:27.734761+00:00 [running]> on host c614fc8d418a
[2026-03-29T20:43:48.367+0000] {taskinstance.py:3131} INFO - Exporting env vars: AIRFLOW_CTX_DAG_OWNER='***' AIRFLOW_CTX_DAG_ID='movie_data_pipeline' AIRFLOW_CTX_TASK_ID='pipeline_success' AIRFLOW_CTX_EXECUTION_DATE='2026-03-29T20:43:27.734761+00:00' AIRFLOW_CTX_TRY_NUMBER='1' AIRFLOW_CTX_DAG_RUN_ID='manual__2026-03-29T20:43:27.734761+00:00'
[2026-03-29T20:43:48.368+0000] {taskinstance.py:731} INFO - ::endgroup::
[2026-03-29T20:43:48.391+0000] {subprocess.py:63} INFO - Tmp dir root location: /tmp
[2026-03-29T20:43:48.394+0000] {subprocess.py:75} INFO - Running command: ['/usr/bin/bash', '-c', 'echo "Pipeline executed successfully!"']
[2026-03-29T20:43:48.410+0000] {subprocess.py:86} INFO - Output:
[2026-03-29T20:43:48.412+0000] {subprocess.py:93} INFO - Pipeline executed successfully!
[2026-03-29T20:43:48.413+0000] {subprocess.py:97} INFO - Command exited with return code 0
[2026-03-29T20:43:48.443+0000] {taskinstance.py:340} INFO - ::group::Post task execution logs
[2026-03-29T20:43:48.444+0000] {taskinstance.py:352} INFO - Marking task as SUCCESS. dag_id=movie_data_pipeline, task_id=pipeline_success, run_id=manual__2026-03-29T20:43:27.734761+00:00, execution_date=20260329T204327, start_date=20260329T204346, end_date=20260329T204348
[2026-03-29T20:43:48.480+0000] {local_task_job_runner.py:266} INFO - Task exited with return code 0
[2026-03-29T20:43:48.496+0000] {taskinstance.py:3900} INFO - 0 downstream tasks scheduled from follow-on schedule check
[2026-03-29T20:43:48.500+0000] {local_task_job_runner.py:245} INFO - ::endgroup::
