[2026-03-29T02:18:37.654+0000] {local_task_job_runner.py:123} INFO - ::group::Pre task execution logs
[2026-03-29T02:18:37.690+0000] {taskinstance.py:2612} INFO - Dependencies all met for dep_context=non-requeueable deps ti=<TaskInstance: movie_data_pipeline.clean_and_enrich scheduled__2026-03-28T00:00:00+00:00 [queued]>
[2026-03-29T02:18:37.715+0000] {taskinstance.py:2612} INFO - Dependencies all met for dep_context=requeueable deps ti=<TaskInstance: movie_data_pipeline.clean_and_enrich scheduled__2026-03-28T00:00:00+00:00 [queued]>
[2026-03-29T02:18:37.716+0000] {taskinstance.py:2865} INFO - Starting attempt 1 of 2
[2026-03-29T02:18:37.736+0000] {taskinstance.py:2888} INFO - Executing <Task(BashOperator): clean_and_enrich> on 2026-03-28 00:00:00+00:00
[2026-03-29T02:18:37.748+0000] {logging_mixin.py:190} WARNING - /home/***/.local/lib/python3.12/site-packages/***/task/task_runner/standard_task_runner.py:70 DeprecationWarning: This process (pid=159) is multi-threaded, use of fork() may lead to deadlocks in the child.
[2026-03-29T02:18:37.751+0000] {standard_task_runner.py:72} INFO - Started process 165 to run task
[2026-03-29T02:18:37.749+0000] {standard_task_runner.py:104} INFO - Running: ['***', 'tasks', 'run', 'movie_data_pipeline', 'clean_and_enrich', 'scheduled__2026-03-28T00:00:00+00:00', '--job-id', '37', '--raw', '--subdir', 'DAGS_FOLDER/movies_clean_dag.py', '--cfg-path', '/tmp/tmpkxlnpi2m']
[2026-03-29T02:18:37.752+0000] {standard_task_runner.py:105} INFO - Job 37: Subtask clean_and_enrich
[2026-03-29T02:18:37.772+0000] {logging_mixin.py:190} WARNING - /home/***/.local/lib/python3.12/site-packages/***/settings.py:209 DeprecationWarning: The sql_alchemy_conn option in [core] has been moved to the sql_alchemy_conn option in [database] - the old setting has been used, but please update your config.
[2026-03-29T02:18:37.818+0000] {task_command.py:467} INFO - Running <TaskInstance: movie_data_pipeline.clean_and_enrich scheduled__2026-03-28T00:00:00+00:00 [running]> on host c614fc8d418a
[2026-03-29T02:18:37.820+0000] {logging_mixin.py:190} WARNING - /home/***/.local/lib/python3.12/site-packages/***/settings.py:470 DeprecationWarning: The sql_alchemy_conn option in [core] has been moved to the sql_alchemy_conn option in [database] - the old setting has been used, but please update your config.
[2026-03-29T02:18:37.936+0000] {taskinstance.py:3131} INFO - Exporting env vars: AIRFLOW_CTX_DAG_OWNER='***' AIRFLOW_CTX_DAG_ID='movie_data_pipeline' AIRFLOW_CTX_TASK_ID='clean_and_enrich' AIRFLOW_CTX_EXECUTION_DATE='2026-03-28T00:00:00+00:00' AIRFLOW_CTX_TRY_NUMBER='1' AIRFLOW_CTX_DAG_RUN_ID='scheduled__2026-03-28T00:00:00+00:00'
[2026-03-29T02:18:37.937+0000] {taskinstance.py:731} INFO - ::endgroup::
[2026-03-29T02:18:37.973+0000] {subprocess.py:63} INFO - Tmp dir root location: /tmp
[2026-03-29T02:18:37.979+0000] {subprocess.py:75} INFO - Running command: ['/usr/bin/bash', '-c', 'python /app/scripts/data-cleaning.py']
[2026-03-29T02:18:37.995+0000] {subprocess.py:86} INFO - Output:
[2026-03-29T02:18:46.573+0000] {subprocess.py:93} INFO - Loading datasets...
[2026-03-29T02:18:46.575+0000] {subprocess.py:93} INFO - 
[2026-03-29T02:18:46.576+0000] {subprocess.py:93} INFO - 
[2026-03-29T02:18:46.576+0000] {subprocess.py:93} INFO - === MOVIES DATASET ===
[2026-03-29T02:18:46.577+0000] {subprocess.py:93} INFO - Shape: (45486, 5)
[2026-03-29T02:18:46.577+0000] {subprocess.py:93} INFO - Columns: ['id', 'title', 'release_date', 'budget', 'revenue']
[2026-03-29T02:18:46.578+0000] {subprocess.py:93} INFO - Data types:
[2026-03-29T02:18:46.579+0000] {subprocess.py:93} INFO -  id               object
[2026-03-29T02:18:46.579+0000] {subprocess.py:93} INFO - title            object
[2026-03-29T02:18:46.580+0000] {subprocess.py:93} INFO - release_date     object
[2026-03-29T02:18:46.580+0000] {subprocess.py:93} INFO - budget           object
[2026-03-29T02:18:46.581+0000] {subprocess.py:93} INFO - revenue         float64
[2026-03-29T02:18:46.581+0000] {subprocess.py:93} INFO - dtype: object
[2026-03-29T02:18:46.582+0000] {subprocess.py:93} INFO - Missing values:
[2026-03-29T02:18:46.582+0000] {subprocess.py:93} INFO -  id                 0
[2026-03-29T02:18:46.583+0000] {subprocess.py:93} INFO - title              6
[2026-03-29T02:18:46.584+0000] {subprocess.py:93} INFO - release_date      90
[2026-03-29T02:18:46.584+0000] {subprocess.py:93} INFO - budget          4435
[2026-03-29T02:18:46.585+0000] {subprocess.py:93} INFO - revenue            6
[2026-03-29T02:18:46.586+0000] {subprocess.py:93} INFO - dtype: int64
[2026-03-29T02:18:46.586+0000] {subprocess.py:93} INFO - Duplicate rows: 6
[2026-03-29T02:18:46.587+0000] {subprocess.py:93} INFO - --------------------------------------------------
[2026-03-29T02:18:46.588+0000] {subprocess.py:93} INFO - 
[2026-03-29T02:18:46.589+0000] {subprocess.py:93} INFO - === EXTENDED DATASET ===
[2026-03-29T02:18:46.589+0000] {subprocess.py:93} INFO - Shape: (45466, 5)
[2026-03-29T02:18:46.590+0000] {subprocess.py:93} INFO - Columns: ['id', 'genres', 'production_companies', 'production_countries', 'spoken_languages']
[2026-03-29T02:18:46.591+0000] {subprocess.py:93} INFO - Data types:
[2026-03-29T02:18:46.591+0000] {subprocess.py:93} INFO -  id                      object
[2026-03-29T02:18:46.592+0000] {subprocess.py:93} INFO - genres                  object
[2026-03-29T02:18:46.592+0000] {subprocess.py:93} INFO - production_companies    object
[2026-03-29T02:18:46.593+0000] {subprocess.py:93} INFO - production_countries    object
[2026-03-29T02:18:46.594+0000] {subprocess.py:93} INFO - spoken_languages        object
[2026-03-29T02:18:46.595+0000] {subprocess.py:93} INFO - dtype: object
[2026-03-29T02:18:46.595+0000] {subprocess.py:93} INFO - Missing values:
[2026-03-29T02:18:46.596+0000] {subprocess.py:93} INFO -  id                          0
[2026-03-29T02:18:46.596+0000] {subprocess.py:93} INFO - genres                   2442
[2026-03-29T02:18:46.597+0000] {subprocess.py:93} INFO - production_companies    12365
[2026-03-29T02:18:46.597+0000] {subprocess.py:93} INFO - production_countries        0
[2026-03-29T02:18:46.598+0000] {subprocess.py:93} INFO - spoken_languages            6
[2026-03-29T02:18:46.598+0000] {subprocess.py:93} INFO - dtype: int64
[2026-03-29T02:18:46.599+0000] {subprocess.py:93} INFO - Duplicate rows: 30
[2026-03-29T02:18:46.600+0000] {subprocess.py:93} INFO - --------------------------------------------------
[2026-03-29T02:18:46.600+0000] {subprocess.py:93} INFO - 
[2026-03-29T02:18:46.601+0000] {subprocess.py:93} INFO - === RATINGS DATASET ===
[2026-03-29T02:18:46.601+0000] {subprocess.py:93} INFO - Shape: (9066, 5)
[2026-03-29T02:18:46.602+0000] {subprocess.py:93} INFO - Columns: ['movie_id', 'last_rated', 'ratings_summary.avg_rating', 'ratings_summary.total_ratings', 'ratings_summary.std_dev']
[2026-03-29T02:18:46.602+0000] {subprocess.py:93} INFO - Data types:
[2026-03-29T02:18:46.603+0000] {subprocess.py:93} INFO -  movie_id                           int64
[2026-03-29T02:18:46.604+0000] {subprocess.py:93} INFO - last_rated                         int64
[2026-03-29T02:18:46.604+0000] {subprocess.py:93} INFO - ratings_summary.avg_rating       float64
[2026-03-29T02:18:46.607+0000] {subprocess.py:93} INFO - ratings_summary.total_ratings      int64
[2026-03-29T02:18:46.607+0000] {subprocess.py:93} INFO - ratings_summary.std_dev          float64
[2026-03-29T02:18:46.607+0000] {subprocess.py:93} INFO - dtype: object
[2026-03-29T02:18:46.608+0000] {subprocess.py:93} INFO - Missing values:
[2026-03-29T02:18:46.608+0000] {subprocess.py:93} INFO -  movie_id                            0
[2026-03-29T02:18:46.609+0000] {subprocess.py:93} INFO - last_rated                          0
[2026-03-29T02:18:46.609+0000] {subprocess.py:93} INFO - ratings_summary.avg_rating          0
[2026-03-29T02:18:46.610+0000] {subprocess.py:93} INFO - ratings_summary.total_ratings       0
[2026-03-29T02:18:46.610+0000] {subprocess.py:93} INFO - ratings_summary.std_dev          3063
[2026-03-29T02:18:46.611+0000] {subprocess.py:93} INFO - dtype: int64
[2026-03-29T02:18:46.611+0000] {subprocess.py:93} INFO - Duplicate rows: 0
[2026-03-29T02:18:46.612+0000] {subprocess.py:93} INFO - --------------------------------------------------
[2026-03-29T02:18:46.612+0000] {subprocess.py:93} INFO - 
[2026-03-29T02:18:46.612+0000] {subprocess.py:93} INFO - Cleaning Movies dataset...
[2026-03-29T02:18:46.613+0000] {subprocess.py:93} INFO - Missing release_date rows saved: /app/data/missing_release_dates.csv, Total: 30384
[2026-03-29T02:18:46.613+0000] {subprocess.py:93} INFO - Suspicious movies saved: /app/data/suspicious_movies.csv, Total: 3066
[2026-03-29T02:18:46.614+0000] {subprocess.py:93} INFO - 
[2026-03-29T02:18:46.614+0000] {subprocess.py:93} INFO - Cleaning Extended dataset...
[2026-03-29T02:18:46.615+0000] {subprocess.py:93} INFO - 
[2026-03-29T02:18:46.615+0000] {subprocess.py:93} INFO - Cleaning Ratings dataset...
[2026-03-29T02:18:46.616+0000] {subprocess.py:93} INFO - 
[2026-03-29T02:18:46.617+0000] {subprocess.py:93} INFO - Enriching Movies dataset...
[2026-03-29T02:18:46.617+0000] {subprocess.py:93} INFO - 
[2026-03-29T02:18:46.618+0000] {subprocess.py:93} INFO - === FINAL DATA CHECK ===
[2026-03-29T02:18:46.619+0000] {subprocess.py:93} INFO - 
[2026-03-29T02:18:46.619+0000] {subprocess.py:93} INFO - Movies missing values:
[2026-03-29T02:18:46.620+0000] {subprocess.py:93} INFO -  id                                0
[2026-03-29T02:18:46.621+0000] {subprocess.py:93} INFO - title                             0
[2026-03-29T02:18:46.621+0000] {subprocess.py:93} INFO - release_date                     87
[2026-03-29T02:18:46.622+0000] {subprocess.py:93} INFO - budget                         4432
[2026-03-29T02:18:46.622+0000] {subprocess.py:93} INFO - revenue                           3
[2026-03-29T02:18:46.623+0000] {subprocess.py:93} INFO - budget_clean                  38284
[2026-03-29T02:18:46.623+0000] {subprocess.py:93} INFO - revenue_clean                 38035
[2026-03-29T02:18:46.624+0000] {subprocess.py:93} INFO - release_date_clean            30384
[2026-03-29T02:18:46.624+0000] {subprocess.py:93} INFO - release_year                  30384
[2026-03-29T02:18:46.625+0000] {subprocess.py:93} INFO - release_month                 30384
[2026-03-29T02:18:46.626+0000] {subprocess.py:93} INFO - budget_missing_flag               0
[2026-03-29T02:18:46.626+0000] {subprocess.py:93} INFO - revenue_missing_flag              0
[2026-03-29T02:18:46.627+0000] {subprocess.py:93} INFO - suspicious_flag                   0
[2026-03-29T02:18:46.627+0000] {subprocess.py:93} INFO - financial_status                  0
[2026-03-29T02:18:46.628+0000] {subprocess.py:93} INFO - genres                            0
[2026-03-29T02:18:46.628+0000] {subprocess.py:93} INFO - production_companies              0
[2026-03-29T02:18:46.629+0000] {subprocess.py:93} INFO - production_countries              0
[2026-03-29T02:18:46.629+0000] {subprocess.py:93} INFO - spoken_languages                  0
[2026-03-29T02:18:46.629+0000] {subprocess.py:93} INFO - revenue_category                  0
[2026-03-29T02:18:46.630+0000] {subprocess.py:93} INFO - movie_id                      42603
[2026-03-29T02:18:46.630+0000] {subprocess.py:93} INFO - ratings_summary.avg_rating        0
[2026-03-29T02:18:46.631+0000] {subprocess.py:93} INFO - has_ratings                       0
[2026-03-29T02:18:46.632+0000] {subprocess.py:93} INFO - data_completeness                 0
[2026-03-29T02:18:46.632+0000] {subprocess.py:93} INFO - dtype: int64
[2026-03-29T02:18:46.633+0000] {subprocess.py:93} INFO - Movies duplicates: 0
[2026-03-29T02:18:46.633+0000] {subprocess.py:93} INFO - 
[2026-03-29T02:18:46.633+0000] {subprocess.py:93} INFO - Extended missing values:
[2026-03-29T02:18:46.634+0000] {subprocess.py:93} INFO -  id                      0
[2026-03-29T02:18:46.634+0000] {subprocess.py:93} INFO - genres                  0
[2026-03-29T02:18:46.634+0000] {subprocess.py:93} INFO - production_companies    0
[2026-03-29T02:18:46.635+0000] {subprocess.py:93} INFO - production_countries    0
[2026-03-29T02:18:46.635+0000] {subprocess.py:93} INFO - spoken_languages        0
[2026-03-29T02:18:46.635+0000] {subprocess.py:93} INFO - dtype: int64
[2026-03-29T02:18:46.636+0000] {subprocess.py:93} INFO - Extended duplicates: 0
[2026-03-29T02:18:46.636+0000] {subprocess.py:93} INFO - 
[2026-03-29T02:18:46.636+0000] {subprocess.py:93} INFO - Ratings missing values:
[2026-03-29T02:18:46.637+0000] {subprocess.py:93} INFO -  movie_id                         0
[2026-03-29T02:18:46.637+0000] {subprocess.py:93} INFO - last_rated                       0
[2026-03-29T02:18:46.637+0000] {subprocess.py:93} INFO - ratings_summary.avg_rating       0
[2026-03-29T02:18:46.638+0000] {subprocess.py:93} INFO - ratings_summary.total_ratings    0
[2026-03-29T02:18:46.638+0000] {subprocess.py:93} INFO - ratings_summary.std_dev          0
[2026-03-29T02:18:46.638+0000] {subprocess.py:93} INFO - dtype: int64
[2026-03-29T02:18:46.639+0000] {subprocess.py:93} INFO - Ratings duplicates: 0
[2026-03-29T02:18:46.639+0000] {subprocess.py:93} INFO - 
[2026-03-29T02:18:46.639+0000] {subprocess.py:93} INFO - Saving cleaned datasets...
[2026-03-29T02:18:46.640+0000] {subprocess.py:93} INFO - 
[2026-03-29T02:18:46.640+0000] {subprocess.py:93} INFO - ✅ Cleaned and enriched datasets saved successfully!
[2026-03-29T02:18:46.640+0000] {subprocess.py:93} INFO - ✅ PostgreSQL-ready CSV: clean_movies.csv
[2026-03-29T02:18:46.750+0000] {subprocess.py:97} INFO - Command exited with return code 0
[2026-03-29T02:18:46.779+0000] {taskinstance.py:340} INFO - ::group::Post task execution logs
[2026-03-29T02:18:46.781+0000] {taskinstance.py:352} INFO - Marking task as SUCCESS. dag_id=movie_data_pipeline, task_id=clean_and_enrich, run_id=scheduled__2026-03-28T00:00:00+00:00, execution_date=20260328T000000, start_date=20260329T021837, end_date=20260329T021846
[2026-03-29T02:18:46.822+0000] {local_task_job_runner.py:266} INFO - Task exited with return code 0
[2026-03-29T02:18:46.845+0000] {taskinstance.py:3900} INFO - 1 downstream tasks scheduled from follow-on schedule check
[2026-03-29T02:18:46.847+0000] {local_task_job_runner.py:245} INFO - ::endgroup::
