[2026-03-25T02:07:25.746+0000] {local_task_job_runner.py:123} INFO - ::group::Pre task execution logs
[2026-03-25T02:07:25.777+0000] {taskinstance.py:2612} INFO - Dependencies all met for dep_context=non-requeueable deps ti=<TaskInstance: movie_data_pipeline.clean_and_enrich manual__2026-03-25T02:02:23.082008+00:00 [queued]>
[2026-03-25T02:07:25.791+0000] {taskinstance.py:2612} INFO - Dependencies all met for dep_context=requeueable deps ti=<TaskInstance: movie_data_pipeline.clean_and_enrich manual__2026-03-25T02:02:23.082008+00:00 [queued]>
[2026-03-25T02:07:25.792+0000] {taskinstance.py:2865} INFO - Starting attempt 2 of 2
[2026-03-25T02:07:25.815+0000] {taskinstance.py:2888} INFO - Executing <Task(BashOperator): clean_and_enrich> on 2026-03-25 02:02:23.082008+00:00
[2026-03-25T02:07:25.825+0000] {logging_mixin.py:190} WARNING - /home/***/.local/lib/python3.12/site-packages/***/task/task_runner/standard_task_runner.py:70 DeprecationWarning: This process (pid=239) is multi-threaded, use of fork() may lead to deadlocks in the child.
[2026-03-25T02:07:25.824+0000] {standard_task_runner.py:104} INFO - Running: ['***', 'tasks', 'run', 'movie_data_pipeline', 'clean_and_enrich', 'manual__2026-03-25T02:02:23.082008+00:00', '--job-id', '17', '--raw', '--subdir', 'DAGS_FOLDER/movies_clean_dag.py', '--cfg-path', '/tmp/tmpc1dcbaf7']
[2026-03-25T02:07:25.827+0000] {standard_task_runner.py:72} INFO - Started process 240 to run task
[2026-03-25T02:07:25.827+0000] {standard_task_runner.py:105} INFO - Job 17: Subtask clean_and_enrich
[2026-03-25T02:07:25.845+0000] {logging_mixin.py:190} WARNING - /home/***/.local/lib/python3.12/site-packages/***/settings.py:209 DeprecationWarning: The sql_alchemy_conn option in [core] has been moved to the sql_alchemy_conn option in [database] - the old setting has been used, but please update your config.
[2026-03-25T02:07:25.883+0000] {task_command.py:467} INFO - Running <TaskInstance: movie_data_pipeline.clean_and_enrich manual__2026-03-25T02:02:23.082008+00:00 [running]> on host ff913be70864
[2026-03-25T02:07:26.016+0000] {taskinstance.py:3131} INFO - Exporting env vars: AIRFLOW_CTX_DAG_OWNER='***' AIRFLOW_CTX_DAG_ID='movie_data_pipeline' AIRFLOW_CTX_TASK_ID='clean_and_enrich' AIRFLOW_CTX_EXECUTION_DATE='2026-03-25T02:02:23.082008+00:00' AIRFLOW_CTX_TRY_NUMBER='2' AIRFLOW_CTX_DAG_RUN_ID='manual__2026-03-25T02:02:23.082008+00:00'
[2026-03-25T02:07:26.019+0000] {taskinstance.py:731} INFO - ::endgroup::
[2026-03-25T02:07:26.072+0000] {subprocess.py:63} INFO - Tmp dir root location: /tmp
[2026-03-25T02:07:26.077+0000] {subprocess.py:75} INFO - Running command: ['/usr/bin/bash', '-c', 'python /app/scripts/data-cleaning.py']
[2026-03-25T02:07:26.088+0000] {subprocess.py:86} INFO - Output:
[2026-03-25T02:07:26.181+0000] {subprocess.py:93} INFO - python: can't open file '/app/scripts/data-cleaning.py': [Errno 2] No such file or directory
[2026-03-25T02:07:26.185+0000] {subprocess.py:97} INFO - Command exited with return code 2
[2026-03-25T02:07:26.203+0000] {taskinstance.py:3310} ERROR - Task failed with exception
Traceback (most recent call last):
  File "/home/airflow/.local/lib/python3.12/site-packages/airflow/models/taskinstance.py", line 767, in _execute_task
    result = _execute_callable(context=context, **execute_callable_kwargs)
             ^^^^^^^^^^^^^^^^^^^^^^^^^^^^^^^^^^^^^^^^^^^^^^^^^^^^^^^^^^^^^
  File "/home/airflow/.local/lib/python3.12/site-packages/airflow/models/taskinstance.py", line 733, in _execute_callable
    return ExecutionCallableRunner(
           ^^^^^^^^^^^^^^^^^^^^^^^^
  File "/home/airflow/.local/lib/python3.12/site-packages/airflow/utils/operator_helpers.py", line 252, in run
    return self.func(*args, **kwargs)
           ^^^^^^^^^^^^^^^^^^^^^^^^^^
  File "/home/airflow/.local/lib/python3.12/site-packages/airflow/models/baseoperator.py", line 406, in wrapper
    return func(self, *args, **kwargs)
           ^^^^^^^^^^^^^^^^^^^^^^^^^^^
  File "/home/airflow/.local/lib/python3.12/site-packages/airflow/operators/bash.py", line 249, in execute
    raise AirflowException(
airflow.exceptions.AirflowException: Bash command failed. The command returned a non-zero exit code 2.
[2026-03-25T02:07:26.216+0000] {taskinstance.py:1225} INFO - Marking task as FAILED. dag_id=movie_data_pipeline, task_id=clean_and_enrich, run_id=manual__2026-03-25T02:02:23.082008+00:00, execution_date=20260325T020223, start_date=20260325T020725, end_date=20260325T020726
[2026-03-25T02:07:26.231+0000] {taskinstance.py:340} INFO - ::group::Post task execution logs
[2026-03-25T02:07:26.232+0000] {standard_task_runner.py:124} ERROR - Failed to execute job 17 for task clean_and_enrich (Bash command failed. The command returned a non-zero exit code 2.; 240)
Traceback (most recent call last):
  File "/home/airflow/.local/lib/python3.12/site-packages/airflow/task/task_runner/standard_task_runner.py", line 117, in _start_by_fork
    ret = args.func(args, dag=self.dag)
          ^^^^^^^^^^^^^^^^^^^^^^^^^^^^^
  File "/home/airflow/.local/lib/python3.12/site-packages/airflow/cli/cli_config.py", line 49, in command
    return func(*args, **kwargs)
           ^^^^^^^^^^^^^^^^^^^^^
  File "/home/airflow/.local/lib/python3.12/site-packages/airflow/utils/cli.py", line 115, in wrapper
    return f(*args, **kwargs)
           ^^^^^^^^^^^^^^^^^^
  File "/home/airflow/.local/lib/python3.12/site-packages/airflow/cli/commands/task_command.py", line 483, in task_run
    task_return_code = _run_task_by_selected_method(args, _dag, ti)
                       ^^^^^^^^^^^^^^^^^^^^^^^^^^^^^^^^^^^^^^^^^^^^
  File "/home/airflow/.local/lib/python3.12/site-packages/airflow/cli/commands/task_command.py", line 256, in _run_task_by_selected_method
    return _run_raw_task(args, ti)
           ^^^^^^^^^^^^^^^^^^^^^^^
  File "/home/airflow/.local/lib/python3.12/site-packages/airflow/cli/commands/task_command.py", line 341, in _run_raw_task
    return ti._run_raw_task(
           ^^^^^^^^^^^^^^^^^
  File "/home/airflow/.local/lib/python3.12/site-packages/airflow/utils/session.py", line 97, in wrapper
    return func(*args, session=session, **kwargs)
           ^^^^^^^^^^^^^^^^^^^^^^^^^^^^^^^^^^^^^^
  File "/home/airflow/.local/lib/python3.12/site-packages/airflow/models/taskinstance.py", line 3004, in _run_raw_task
    return _run_raw_task(
           ^^^^^^^^^^^^^^
  File "/home/airflow/.local/lib/python3.12/site-packages/airflow/models/taskinstance.py", line 273, in _run_raw_task
    TaskInstance._execute_task_with_callbacks(
  File "/home/airflow/.local/lib/python3.12/site-packages/airflow/models/taskinstance.py", line 3158, in _execute_task_with_callbacks
    result = self._execute_task(context, task_orig)
             ^^^^^^^^^^^^^^^^^^^^^^^^^^^^^^^^^^^^^^
  File "/home/airflow/.local/lib/python3.12/site-packages/airflow/models/taskinstance.py", line 3182, in _execute_task
    return _execute_task(self, context, task_orig)
           ^^^^^^^^^^^^^^^^^^^^^^^^^^^^^^^^^^^^^^^
  File "/home/airflow/.local/lib/python3.12/site-packages/airflow/models/taskinstance.py", line 767, in _execute_task
    result = _execute_callable(context=context, **execute_callable_kwargs)
             ^^^^^^^^^^^^^^^^^^^^^^^^^^^^^^^^^^^^^^^^^^^^^^^^^^^^^^^^^^^^^
  File "/home/airflow/.local/lib/python3.12/site-packages/airflow/models/taskinstance.py", line 733, in _execute_callable
    return ExecutionCallableRunner(
           ^^^^^^^^^^^^^^^^^^^^^^^^
  File "/home/airflow/.local/lib/python3.12/site-packages/airflow/utils/operator_helpers.py", line 252, in run
    return self.func(*args, **kwargs)
           ^^^^^^^^^^^^^^^^^^^^^^^^^^
  File "/home/airflow/.local/lib/python3.12/site-packages/airflow/models/baseoperator.py", line 406, in wrapper
    return func(self, *args, **kwargs)
           ^^^^^^^^^^^^^^^^^^^^^^^^^^^
  File "/home/airflow/.local/lib/python3.12/site-packages/airflow/operators/bash.py", line 249, in execute
    raise AirflowException(
airflow.exceptions.AirflowException: Bash command failed. The command returned a non-zero exit code 2.
[2026-03-25T02:07:26.255+0000] {local_task_job_runner.py:266} INFO - Task exited with return code 1
[2026-03-25T02:07:26.283+0000] {taskinstance.py:3900} INFO - 0 downstream tasks scheduled from follow-on schedule check
[2026-03-25T02:07:26.291+0000] {local_task_job_runner.py:245} INFO - ::endgroup::
