[2026-03-25T02:25:52.732+0000] {local_task_job_runner.py:123} INFO - ::group::Pre task execution logs
[2026-03-25T02:25:52.749+0000] {taskinstance.py:2612} INFO - Dependencies all met for dep_context=non-requeueable deps ti=<TaskInstance: movie_data_pipeline.pipeline_success manual__2026-03-25T02:25:44.116428+00:00 [queued]>
[2026-03-25T02:25:52.760+0000] {taskinstance.py:2612} INFO - Dependencies all met for dep_context=requeueable deps ti=<TaskInstance: movie_data_pipeline.pipeline_success manual__2026-03-25T02:25:44.116428+00:00 [queued]>
[2026-03-25T02:25:52.762+0000] {taskinstance.py:2865} INFO - Starting attempt 1 of 2
[2026-03-25T02:25:52.776+0000] {taskinstance.py:2888} INFO - Executing <Task(BashOperator): pipeline_success> on 2026-03-25 02:25:44.116428+00:00
[2026-03-25T02:25:52.786+0000] {logging_mixin.py:190} WARNING - /home/***/.local/lib/python3.12/site-packages/***/task/task_runner/standard_task_runner.py:70 DeprecationWarning: This process (pid=233) is multi-threaded, use of fork() may lead to deadlocks in the child.
[2026-03-25T02:25:52.786+0000] {standard_task_runner.py:104} INFO - Running: ['***', 'tasks', 'run', 'movie_data_pipeline', 'pipeline_success', 'manual__2026-03-25T02:25:44.116428+00:00', '--job-id', '20', '--raw', '--subdir', 'DAGS_FOLDER/movies_clean_dag.py', '--cfg-path', '/tmp/tmp9ol0pnrg']
[2026-03-25T02:25:52.790+0000] {standard_task_runner.py:72} INFO - Started process 234 to run task
[2026-03-25T02:25:52.792+0000] {standard_task_runner.py:105} INFO - Job 20: Subtask pipeline_success
[2026-03-25T02:25:52.818+0000] {logging_mixin.py:190} WARNING - /home/***/.local/lib/python3.12/site-packages/***/settings.py:209 DeprecationWarning: The sql_alchemy_conn option in [core] has been moved to the sql_alchemy_conn option in [database] - the old setting has been used, but please update your config.
[2026-03-25T02:25:52.869+0000] {task_command.py:467} INFO - Running <TaskInstance: movie_data_pipeline.pipeline_success manual__2026-03-25T02:25:44.116428+00:00 [running]> on host c614fc8d418a
[2026-03-25T02:25:52.940+0000] {taskinstance.py:3131} INFO - Exporting env vars: AIRFLOW_CTX_DAG_OWNER='***' AIRFLOW_CTX_DAG_ID='movie_data_pipeline' AIRFLOW_CTX_TASK_ID='pipeline_success' AIRFLOW_CTX_EXECUTION_DATE='2026-03-25T02:25:44.116428+00:00' AIRFLOW_CTX_TRY_NUMBER='1' AIRFLOW_CTX_DAG_RUN_ID='manual__2026-03-25T02:25:44.116428+00:00'
[2026-03-25T02:25:52.942+0000] {taskinstance.py:731} INFO - ::endgroup::
[2026-03-25T02:25:52.957+0000] {subprocess.py:63} INFO - Tmp dir root location: /tmp
[2026-03-25T02:25:52.959+0000] {subprocess.py:75} INFO - Running command: ['/usr/bin/bash', '-c', 'echo "Pipeline executed successfully!"']
[2026-03-25T02:25:52.968+0000] {subprocess.py:86} INFO - Output:
[2026-03-25T02:25:52.970+0000] {subprocess.py:93} INFO - Pipeline executed successfully!
[2026-03-25T02:25:52.971+0000] {subprocess.py:97} INFO - Command exited with return code 0
[2026-03-25T02:25:52.996+0000] {taskinstance.py:340} INFO - ::group::Post task execution logs
[2026-03-25T02:25:52.997+0000] {taskinstance.py:352} INFO - Marking task as SUCCESS. dag_id=movie_data_pipeline, task_id=pipeline_success, run_id=manual__2026-03-25T02:25:44.116428+00:00, execution_date=20260325T022544, start_date=20260325T022552, end_date=20260325T022552
[2026-03-25T02:25:53.047+0000] {local_task_job_runner.py:266} INFO - Task exited with return code 0
[2026-03-25T02:25:53.064+0000] {taskinstance.py:3900} INFO - 0 downstream tasks scheduled from follow-on schedule check
[2026-03-25T02:25:53.076+0000] {local_task_job_runner.py:245} INFO - ::endgroup::
