[2026-03-28T05:46:08.555+0000] {local_task_job_runner.py:123} INFO - ::group::Pre task execution logs
[2026-03-28T05:46:08.573+0000] {taskinstance.py:2612} INFO - Dependencies all met for dep_context=non-requeueable deps ti=<TaskInstance: movie_data_pipeline.pipeline_success scheduled__2026-03-27T00:00:00+00:00 [queued]>
[2026-03-28T05:46:08.584+0000] {taskinstance.py:2612} INFO - Dependencies all met for dep_context=requeueable deps ti=<TaskInstance: movie_data_pipeline.pipeline_success scheduled__2026-03-27T00:00:00+00:00 [queued]>
[2026-03-28T05:46:08.585+0000] {taskinstance.py:2865} INFO - Starting attempt 1 of 2
[2026-03-28T05:46:08.601+0000] {taskinstance.py:2888} INFO - Executing <Task(BashOperator): pipeline_success> on 2026-03-27 00:00:00+00:00
[2026-03-28T05:46:08.610+0000] {logging_mixin.py:190} WARNING - /home/***/.local/lib/python3.12/site-packages/***/task/task_runner/standard_task_runner.py:70 DeprecationWarning: This process (pid=173) is multi-threaded, use of fork() may lead to deadlocks in the child.
[2026-03-28T05:46:08.611+0000] {standard_task_runner.py:72} INFO - Started process 174 to run task
[2026-03-28T05:46:08.610+0000] {standard_task_runner.py:104} INFO - Running: ['***', 'tasks', 'run', 'movie_data_pipeline', 'pipeline_success', 'scheduled__2026-03-27T00:00:00+00:00', '--job-id', '33', '--raw', '--subdir', 'DAGS_FOLDER/movies_clean_dag.py', '--cfg-path', '/tmp/tmpuejp27wb']
[2026-03-28T05:46:08.613+0000] {standard_task_runner.py:105} INFO - Job 33: Subtask pipeline_success
[2026-03-28T05:46:08.628+0000] {logging_mixin.py:190} WARNING - /home/***/.local/lib/python3.12/site-packages/***/settings.py:209 DeprecationWarning: The sql_alchemy_conn option in [core] has been moved to the sql_alchemy_conn option in [database] - the old setting has been used, but please update your config.
[2026-03-28T05:46:08.670+0000] {task_command.py:467} INFO - Running <TaskInstance: movie_data_pipeline.pipeline_success scheduled__2026-03-27T00:00:00+00:00 [running]> on host c614fc8d418a
[2026-03-28T05:46:08.673+0000] {logging_mixin.py:190} WARNING - /home/***/.local/lib/python3.12/site-packages/***/settings.py:470 DeprecationWarning: The sql_alchemy_conn option in [core] has been moved to the sql_alchemy_conn option in [database] - the old setting has been used, but please update your config.
[2026-03-28T05:46:08.758+0000] {taskinstance.py:3131} INFO - Exporting env vars: AIRFLOW_CTX_DAG_OWNER='***' AIRFLOW_CTX_DAG_ID='movie_data_pipeline' AIRFLOW_CTX_TASK_ID='pipeline_success' AIRFLOW_CTX_EXECUTION_DATE='2026-03-27T00:00:00+00:00' AIRFLOW_CTX_TRY_NUMBER='1' AIRFLOW_CTX_DAG_RUN_ID='scheduled__2026-03-27T00:00:00+00:00'
[2026-03-28T05:46:08.759+0000] {taskinstance.py:731} INFO - ::endgroup::
[2026-03-28T05:46:08.776+0000] {subprocess.py:63} INFO - Tmp dir root location: /tmp
[2026-03-28T05:46:08.778+0000] {subprocess.py:75} INFO - Running command: ['/usr/bin/bash', '-c', 'echo "Pipeline executed successfully!"']
[2026-03-28T05:46:08.789+0000] {subprocess.py:86} INFO - Output:
[2026-03-28T05:46:08.790+0000] {subprocess.py:93} INFO - Pipeline executed successfully!
[2026-03-28T05:46:08.791+0000] {subprocess.py:97} INFO - Command exited with return code 0
[2026-03-28T05:46:08.818+0000] {taskinstance.py:340} INFO - ::group::Post task execution logs
[2026-03-28T05:46:08.820+0000] {taskinstance.py:352} INFO - Marking task as SUCCESS. dag_id=movie_data_pipeline, task_id=pipeline_success, run_id=scheduled__2026-03-27T00:00:00+00:00, execution_date=20260327T000000, start_date=20260328T054608, end_date=20260328T054608
[2026-03-28T05:46:08.869+0000] {local_task_job_runner.py:266} INFO - Task exited with return code 0
[2026-03-28T05:46:08.886+0000] {taskinstance.py:3900} INFO - 0 downstream tasks scheduled from follow-on schedule check
[2026-03-28T05:46:08.888+0000] {local_task_job_runner.py:245} INFO - ::endgroup::
