[2026-03-29T20:43:30.813+0000] {local_task_job_runner.py:123} INFO - ::group::Pre task execution logs
[2026-03-29T20:43:30.864+0000] {taskinstance.py:2612} INFO - Dependencies all met for dep_context=non-requeueable deps ti=<TaskInstance: movie_data_pipeline.clean_and_enrich manual__2026-03-29T20:43:27.734761+00:00 [queued]>
[2026-03-29T20:43:30.886+0000] {taskinstance.py:2612} INFO - Dependencies all met for dep_context=requeueable deps ti=<TaskInstance: movie_data_pipeline.clean_and_enrich manual__2026-03-29T20:43:27.734761+00:00 [queued]>
[2026-03-29T20:43:30.887+0000] {taskinstance.py:2865} INFO - Starting attempt 1 of 2
[2026-03-29T20:43:30.920+0000] {taskinstance.py:2888} INFO - Executing <Task(BashOperator): clean_and_enrich> on 2026-03-29 20:43:27.734761+00:00
[2026-03-29T20:43:30.963+0000] {logging_mixin.py:190} WARNING - /home/***/.local/lib/python3.12/site-packages/***/task/task_runner/standard_task_runner.py:70 DeprecationWarning: This process (pid=275) is multi-threaded, use of fork() may lead to deadlocks in the child.
[2026-03-29T20:43:30.963+0000] {standard_task_runner.py:104} INFO - Running: ['***', 'tasks', 'run', 'movie_data_pipeline', 'clean_and_enrich', 'manual__2026-03-29T20:43:27.734761+00:00', '--job-id', '45', '--raw', '--subdir', 'DAGS_FOLDER/movies_clean_dag.py', '--cfg-path', '/tmp/tmpgppl0x1x']
[2026-03-29T20:43:30.970+0000] {standard_task_runner.py:72} INFO - Started process 276 to run task
[2026-03-29T20:43:30.970+0000] {standard_task_runner.py:105} INFO - Job 45: Subtask clean_and_enrich
[2026-03-29T20:43:31.010+0000] {logging_mixin.py:190} WARNING - /home/***/.local/lib/python3.12/site-packages/***/settings.py:209 DeprecationWarning: The sql_alchemy_conn option in [core] has been moved to the sql_alchemy_conn option in [database] - the old setting has been used, but please update your config.
[2026-03-29T20:43:31.174+0000] {task_command.py:467} INFO - Running <TaskInstance: movie_data_pipeline.clean_and_enrich manual__2026-03-29T20:43:27.734761+00:00 [running]> on host c614fc8d418a
[2026-03-29T20:43:31.433+0000] {taskinstance.py:3131} INFO - Exporting env vars: AIRFLOW_CTX_DAG_OWNER='***' AIRFLOW_CTX_DAG_ID='movie_data_pipeline' AIRFLOW_CTX_TASK_ID='clean_and_enrich' AIRFLOW_CTX_EXECUTION_DATE='2026-03-29T20:43:27.734761+00:00' AIRFLOW_CTX_TRY_NUMBER='1' AIRFLOW_CTX_DAG_RUN_ID='manual__2026-03-29T20:43:27.734761+00:00'
[2026-03-29T20:43:31.437+0000] {taskinstance.py:731} INFO - ::endgroup::
[2026-03-29T20:43:31.528+0000] {subprocess.py:63} INFO - Tmp dir root location: /tmp
[2026-03-29T20:43:31.537+0000] {subprocess.py:75} INFO - Running command: ['/usr/bin/bash', '-c', 'python /app/scripts/data-cleaning.py']
[2026-03-29T20:43:31.565+0000] {subprocess.py:86} INFO - Output:
[2026-03-29T20:43:43.662+0000] {subprocess.py:93} INFO - Loading datasets...
[2026-03-29T20:43:43.663+0000] {subprocess.py:93} INFO - 
[2026-03-29T20:43:43.665+0000] {subprocess.py:93} INFO - 
[2026-03-29T20:43:43.667+0000] {subprocess.py:93} INFO - === MOVIES DATASET ===
[2026-03-29T20:43:43.668+0000] {subprocess.py:93} INFO - Shape: (45486, 5)
[2026-03-29T20:43:43.670+0000] {subprocess.py:93} INFO - Columns: ['id', 'title', 'release_date', 'budget', 'revenue']
[2026-03-29T20:43:43.671+0000] {subprocess.py:93} INFO - Data types:
[2026-03-29T20:43:43.673+0000] {subprocess.py:93} INFO -  id               object
[2026-03-29T20:43:43.674+0000] {subprocess.py:93} INFO - title            object
[2026-03-29T20:43:43.675+0000] {subprocess.py:93} INFO - release_date     object
[2026-03-29T20:43:43.676+0000] {subprocess.py:93} INFO - budget           object
[2026-03-29T20:43:43.678+0000] {subprocess.py:93} INFO - revenue         float64
[2026-03-29T20:43:43.679+0000] {subprocess.py:93} INFO - dtype: object
[2026-03-29T20:43:43.680+0000] {subprocess.py:93} INFO - Missing values:
[2026-03-29T20:43:43.680+0000] {subprocess.py:93} INFO -  id                 0
[2026-03-29T20:43:43.681+0000] {subprocess.py:93} INFO - title              6
[2026-03-29T20:43:43.682+0000] {subprocess.py:93} INFO - release_date      90
[2026-03-29T20:43:43.683+0000] {subprocess.py:93} INFO - budget          4435
[2026-03-29T20:43:43.684+0000] {subprocess.py:93} INFO - revenue            6
[2026-03-29T20:43:43.686+0000] {subprocess.py:93} INFO - dtype: int64
[2026-03-29T20:43:43.686+0000] {subprocess.py:93} INFO - Duplicate rows: 6
[2026-03-29T20:43:43.688+0000] {subprocess.py:93} INFO - --------------------------------------------------
[2026-03-29T20:43:43.689+0000] {subprocess.py:93} INFO - 
[2026-03-29T20:43:43.689+0000] {subprocess.py:93} INFO - === EXTENDED DATASET ===
[2026-03-29T20:43:43.690+0000] {subprocess.py:93} INFO - Shape: (45466, 5)
[2026-03-29T20:43:43.691+0000] {subprocess.py:93} INFO - Columns: ['id', 'genres', 'production_companies', 'production_countries', 'spoken_languages']
[2026-03-29T20:43:43.692+0000] {subprocess.py:93} INFO - Data types:
[2026-03-29T20:43:43.692+0000] {subprocess.py:93} INFO -  id                      object
[2026-03-29T20:43:43.693+0000] {subprocess.py:93} INFO - genres                  object
[2026-03-29T20:43:43.693+0000] {subprocess.py:93} INFO - production_companies    object
[2026-03-29T20:43:43.694+0000] {subprocess.py:93} INFO - production_countries    object
[2026-03-29T20:43:43.694+0000] {subprocess.py:93} INFO - spoken_languages        object
[2026-03-29T20:43:43.695+0000] {subprocess.py:93} INFO - dtype: object
[2026-03-29T20:43:43.695+0000] {subprocess.py:93} INFO - Missing values:
[2026-03-29T20:43:43.698+0000] {subprocess.py:93} INFO -  id                          0
[2026-03-29T20:43:43.699+0000] {subprocess.py:93} INFO - genres                   2442
[2026-03-29T20:43:43.700+0000] {subprocess.py:93} INFO - production_companies    12365
[2026-03-29T20:43:43.701+0000] {subprocess.py:93} INFO - production_countries        0
[2026-03-29T20:43:43.701+0000] {subprocess.py:93} INFO - spoken_languages            6
[2026-03-29T20:43:43.702+0000] {subprocess.py:93} INFO - dtype: int64
[2026-03-29T20:43:43.703+0000] {subprocess.py:93} INFO - Duplicate rows: 30
[2026-03-29T20:43:43.705+0000] {subprocess.py:93} INFO - --------------------------------------------------
[2026-03-29T20:43:43.706+0000] {subprocess.py:93} INFO - 
[2026-03-29T20:43:43.707+0000] {subprocess.py:93} INFO - === RATINGS DATASET ===
[2026-03-29T20:43:43.707+0000] {subprocess.py:93} INFO - Shape: (9066, 5)
[2026-03-29T20:43:43.708+0000] {subprocess.py:93} INFO - Columns: ['movie_id', 'last_rated', 'ratings_summary.avg_rating', 'ratings_summary.total_ratings', 'ratings_summary.std_dev']
[2026-03-29T20:43:43.709+0000] {subprocess.py:93} INFO - Data types:
[2026-03-29T20:43:43.710+0000] {subprocess.py:93} INFO -  movie_id                           int64
[2026-03-29T20:43:43.710+0000] {subprocess.py:93} INFO - last_rated                         int64
[2026-03-29T20:43:43.710+0000] {subprocess.py:93} INFO - ratings_summary.avg_rating       float64
[2026-03-29T20:43:43.711+0000] {subprocess.py:93} INFO - ratings_summary.total_ratings      int64
[2026-03-29T20:43:43.711+0000] {subprocess.py:93} INFO - ratings_summary.std_dev          float64
[2026-03-29T20:43:43.712+0000] {subprocess.py:93} INFO - dtype: object
[2026-03-29T20:43:43.713+0000] {subprocess.py:93} INFO - Missing values:
[2026-03-29T20:43:43.714+0000] {subprocess.py:93} INFO -  movie_id                            0
[2026-03-29T20:43:43.715+0000] {subprocess.py:93} INFO - last_rated                          0
[2026-03-29T20:43:43.716+0000] {subprocess.py:93} INFO - ratings_summary.avg_rating          0
[2026-03-29T20:43:43.716+0000] {subprocess.py:93} INFO - ratings_summary.total_ratings       0
[2026-03-29T20:43:43.717+0000] {subprocess.py:93} INFO - ratings_summary.std_dev          3063
[2026-03-29T20:43:43.717+0000] {subprocess.py:93} INFO - dtype: int64
[2026-03-29T20:43:43.718+0000] {subprocess.py:93} INFO - Duplicate rows: 0
[2026-03-29T20:43:43.718+0000] {subprocess.py:93} INFO - --------------------------------------------------
[2026-03-29T20:43:43.719+0000] {subprocess.py:93} INFO - 
[2026-03-29T20:43:43.719+0000] {subprocess.py:93} INFO - Cleaning Movies dataset...
[2026-03-29T20:43:43.720+0000] {subprocess.py:93} INFO - Missing release_date rows saved: /app/data/missing_release_dates.csv, Total: 30384
[2026-03-29T20:43:43.720+0000] {subprocess.py:93} INFO - Suspicious movies saved: /app/data/suspicious_movies.csv, Total: 3066
[2026-03-29T20:43:43.721+0000] {subprocess.py:93} INFO - 
[2026-03-29T20:43:43.721+0000] {subprocess.py:93} INFO - Cleaning Extended dataset...
[2026-03-29T20:43:43.721+0000] {subprocess.py:93} INFO - 
[2026-03-29T20:43:43.722+0000] {subprocess.py:93} INFO - Cleaning Ratings dataset...
[2026-03-29T20:43:43.722+0000] {subprocess.py:93} INFO - 
[2026-03-29T20:43:43.723+0000] {subprocess.py:93} INFO - Enriching Movies dataset...
[2026-03-29T20:43:43.723+0000] {subprocess.py:93} INFO - 
[2026-03-29T20:43:43.724+0000] {subprocess.py:93} INFO - === FINAL DATA CHECK ===
[2026-03-29T20:43:43.724+0000] {subprocess.py:93} INFO - 
[2026-03-29T20:43:43.728+0000] {subprocess.py:93} INFO - Movies missing values:
[2026-03-29T20:43:43.728+0000] {subprocess.py:93} INFO -  id                                0
[2026-03-29T20:43:43.729+0000] {subprocess.py:93} INFO - title                             0
[2026-03-29T20:43:43.729+0000] {subprocess.py:93} INFO - release_date                     87
[2026-03-29T20:43:43.730+0000] {subprocess.py:93} INFO - budget                         4432
[2026-03-29T20:43:43.730+0000] {subprocess.py:93} INFO - revenue                           3
[2026-03-29T20:43:43.731+0000] {subprocess.py:93} INFO - budget_clean                  38284
[2026-03-29T20:43:43.731+0000] {subprocess.py:93} INFO - revenue_clean                 38035
[2026-03-29T20:43:43.732+0000] {subprocess.py:93} INFO - release_date_clean            30384
[2026-03-29T20:43:43.732+0000] {subprocess.py:93} INFO - release_year                  30384
[2026-03-29T20:43:43.733+0000] {subprocess.py:93} INFO - release_month                 30384
[2026-03-29T20:43:43.733+0000] {subprocess.py:93} INFO - budget_missing_flag               0
[2026-03-29T20:43:43.734+0000] {subprocess.py:93} INFO - revenue_missing_flag              0
[2026-03-29T20:43:43.734+0000] {subprocess.py:93} INFO - suspicious_flag                   0
[2026-03-29T20:43:43.735+0000] {subprocess.py:93} INFO - financial_status                  0
[2026-03-29T20:43:43.735+0000] {subprocess.py:93} INFO - genres                            0
[2026-03-29T20:43:43.736+0000] {subprocess.py:93} INFO - production_companies              0
[2026-03-29T20:43:43.736+0000] {subprocess.py:93} INFO - production_countries              0
[2026-03-29T20:43:43.736+0000] {subprocess.py:93} INFO - spoken_languages                  0
[2026-03-29T20:43:43.737+0000] {subprocess.py:93} INFO - revenue_category                  0
[2026-03-29T20:43:43.737+0000] {subprocess.py:93} INFO - movie_id                      42603
[2026-03-29T20:43:43.737+0000] {subprocess.py:93} INFO - ratings_summary.avg_rating        0
[2026-03-29T20:43:43.738+0000] {subprocess.py:93} INFO - has_ratings                       0
[2026-03-29T20:43:43.738+0000] {subprocess.py:93} INFO - data_completeness                 0
[2026-03-29T20:43:43.739+0000] {subprocess.py:93} INFO - dtype: int64
[2026-03-29T20:43:43.739+0000] {subprocess.py:93} INFO - Movies duplicates: 0
[2026-03-29T20:43:43.740+0000] {subprocess.py:93} INFO - 
[2026-03-29T20:43:43.740+0000] {subprocess.py:93} INFO - Extended missing values:
[2026-03-29T20:43:43.740+0000] {subprocess.py:93} INFO -  id                      0
[2026-03-29T20:43:43.741+0000] {subprocess.py:93} INFO - genres                  0
[2026-03-29T20:43:43.741+0000] {subprocess.py:93} INFO - production_companies    0
[2026-03-29T20:43:43.742+0000] {subprocess.py:93} INFO - production_countries    0
[2026-03-29T20:43:43.742+0000] {subprocess.py:93} INFO - spoken_languages        0
[2026-03-29T20:43:43.743+0000] {subprocess.py:93} INFO - dtype: int64
[2026-03-29T20:43:43.744+0000] {subprocess.py:93} INFO - Extended duplicates: 0
[2026-03-29T20:43:43.745+0000] {subprocess.py:93} INFO - 
[2026-03-29T20:43:43.748+0000] {subprocess.py:93} INFO - Ratings missing values:
[2026-03-29T20:43:43.749+0000] {subprocess.py:93} INFO -  movie_id                         0
[2026-03-29T20:43:43.749+0000] {subprocess.py:93} INFO - last_rated                       0
[2026-03-29T20:43:43.750+0000] {subprocess.py:93} INFO - ratings_summary.avg_rating       0
[2026-03-29T20:43:43.750+0000] {subprocess.py:93} INFO - ratings_summary.total_ratings    0
[2026-03-29T20:43:43.750+0000] {subprocess.py:93} INFO - ratings_summary.std_dev          0
[2026-03-29T20:43:43.751+0000] {subprocess.py:93} INFO - dtype: int64
[2026-03-29T20:43:43.753+0000] {subprocess.py:93} INFO - Ratings duplicates: 0
[2026-03-29T20:43:43.753+0000] {subprocess.py:93} INFO - 
[2026-03-29T20:43:43.754+0000] {subprocess.py:93} INFO - Saving cleaned datasets...
[2026-03-29T20:43:43.754+0000] {subprocess.py:93} INFO - 
[2026-03-29T20:43:43.755+0000] {subprocess.py:93} INFO - ✅ Cleaned and enriched datasets saved successfully!
[2026-03-29T20:43:43.755+0000] {subprocess.py:93} INFO - ✅ PostgreSQL-ready CSV: clean_movies.csv
[2026-03-29T20:43:43.933+0000] {subprocess.py:97} INFO - Command exited with return code 0
[2026-03-29T20:43:43.991+0000] {taskinstance.py:340} INFO - ::group::Post task execution logs
[2026-03-29T20:43:43.993+0000] {taskinstance.py:352} INFO - Marking task as SUCCESS. dag_id=movie_data_pipeline, task_id=clean_and_enrich, run_id=manual__2026-03-29T20:43:27.734761+00:00, execution_date=20260329T204327, start_date=20260329T204330, end_date=20260329T204343
[2026-03-29T20:43:44.056+0000] {local_task_job_runner.py:266} INFO - Task exited with return code 0
[2026-03-29T20:43:44.138+0000] {taskinstance.py:3900} INFO - 1 downstream tasks scheduled from follow-on schedule check
[2026-03-29T20:43:44.141+0000] {local_task_job_runner.py:245} INFO - ::endgroup::
