[2026-03-27T04:59:46.741+0000] {local_task_job_runner.py:123} INFO - ::group::Pre task execution logs
[2026-03-27T04:59:46.767+0000] {taskinstance.py:2612} INFO - Dependencies all met for dep_context=non-requeueable deps ti=<TaskInstance: movie_data_pipeline.clean_and_enrich scheduled__2026-03-26T00:00:00+00:00 [queued]>
[2026-03-27T04:59:46.780+0000] {taskinstance.py:2612} INFO - Dependencies all met for dep_context=requeueable deps ti=<TaskInstance: movie_data_pipeline.clean_and_enrich scheduled__2026-03-26T00:00:00+00:00 [queued]>
[2026-03-27T04:59:46.782+0000] {taskinstance.py:2865} INFO - Starting attempt 1 of 2
[2026-03-27T04:59:46.809+0000] {taskinstance.py:2888} INFO - Executing <Task(BashOperator): clean_and_enrich> on 2026-03-26 00:00:00+00:00
[2026-03-27T04:59:46.821+0000] {logging_mixin.py:190} WARNING - /home/***/.local/lib/python3.12/site-packages/***/task/task_runner/standard_task_runner.py:70 DeprecationWarning: This process (pid=163) is multi-threaded, use of fork() may lead to deadlocks in the child.
[2026-03-27T04:59:46.829+0000] {standard_task_runner.py:72} INFO - Started process 167 to run task
[2026-03-27T04:59:46.827+0000] {standard_task_runner.py:104} INFO - Running: ['***', 'tasks', 'run', 'movie_data_pipeline', 'clean_and_enrich', 'scheduled__2026-03-26T00:00:00+00:00', '--job-id', '28', '--raw', '--subdir', 'DAGS_FOLDER/movies_clean_dag.py', '--cfg-path', '/tmp/tmpxhouc680']
[2026-03-27T04:59:46.835+0000] {standard_task_runner.py:105} INFO - Job 28: Subtask clean_and_enrich
[2026-03-27T04:59:46.860+0000] {logging_mixin.py:190} WARNING - /home/***/.local/lib/python3.12/site-packages/***/settings.py:209 DeprecationWarning: The sql_alchemy_conn option in [core] has been moved to the sql_alchemy_conn option in [database] - the old setting has been used, but please update your config.
[2026-03-27T04:59:46.908+0000] {task_command.py:467} INFO - Running <TaskInstance: movie_data_pipeline.clean_and_enrich scheduled__2026-03-26T00:00:00+00:00 [running]> on host c614fc8d418a
[2026-03-27T04:59:46.911+0000] {logging_mixin.py:190} WARNING - /home/***/.local/lib/python3.12/site-packages/***/settings.py:470 DeprecationWarning: The sql_alchemy_conn option in [core] has been moved to the sql_alchemy_conn option in [database] - the old setting has been used, but please update your config.
[2026-03-27T04:59:47.022+0000] {taskinstance.py:3131} INFO - Exporting env vars: AIRFLOW_CTX_DAG_OWNER='***' AIRFLOW_CTX_DAG_ID='movie_data_pipeline' AIRFLOW_CTX_TASK_ID='clean_and_enrich' AIRFLOW_CTX_EXECUTION_DATE='2026-03-26T00:00:00+00:00' AIRFLOW_CTX_TRY_NUMBER='1' AIRFLOW_CTX_DAG_RUN_ID='scheduled__2026-03-26T00:00:00+00:00'
[2026-03-27T04:59:47.024+0000] {taskinstance.py:731} INFO - ::endgroup::
[2026-03-27T04:59:47.050+0000] {subprocess.py:63} INFO - Tmp dir root location: /tmp
[2026-03-27T04:59:47.054+0000] {subprocess.py:75} INFO - Running command: ['/usr/bin/bash', '-c', 'python /app/scripts/data-cleaning.py']
[2026-03-27T04:59:47.066+0000] {subprocess.py:86} INFO - Output:
[2026-03-27T04:59:58.993+0000] {subprocess.py:93} INFO - Loading datasets...
[2026-03-27T04:59:58.997+0000] {subprocess.py:93} INFO - 
[2026-03-27T04:59:59.000+0000] {subprocess.py:93} INFO - 
[2026-03-27T04:59:59.002+0000] {subprocess.py:93} INFO - === MOVIES DATASET ===
[2026-03-27T04:59:59.004+0000] {subprocess.py:93} INFO - Shape: (45486, 5)
[2026-03-27T04:59:59.006+0000] {subprocess.py:93} INFO - Columns: ['id', 'title', 'release_date', 'budget', 'revenue']
[2026-03-27T04:59:59.008+0000] {subprocess.py:93} INFO - Data types:
[2026-03-27T04:59:59.011+0000] {subprocess.py:93} INFO -  id               object
[2026-03-27T04:59:59.014+0000] {subprocess.py:93} INFO - title            object
[2026-03-27T04:59:59.017+0000] {subprocess.py:93} INFO - release_date     object
[2026-03-27T04:59:59.021+0000] {subprocess.py:93} INFO - budget           object
[2026-03-27T04:59:59.026+0000] {subprocess.py:93} INFO - revenue         float64
[2026-03-27T04:59:59.031+0000] {subprocess.py:93} INFO - dtype: object
[2026-03-27T04:59:59.034+0000] {subprocess.py:93} INFO - Missing values:
[2026-03-27T04:59:59.038+0000] {subprocess.py:93} INFO -  id                 0
[2026-03-27T04:59:59.042+0000] {subprocess.py:93} INFO - title              6
[2026-03-27T04:59:59.046+0000] {subprocess.py:93} INFO - release_date      90
[2026-03-27T04:59:59.050+0000] {subprocess.py:93} INFO - budget          4435
[2026-03-27T04:59:59.057+0000] {subprocess.py:93} INFO - revenue            6
[2026-03-27T04:59:59.061+0000] {subprocess.py:93} INFO - dtype: int64
[2026-03-27T04:59:59.065+0000] {subprocess.py:93} INFO - Duplicate rows: 6
[2026-03-27T04:59:59.068+0000] {subprocess.py:93} INFO - --------------------------------------------------
[2026-03-27T04:59:59.071+0000] {subprocess.py:93} INFO - 
[2026-03-27T04:59:59.074+0000] {subprocess.py:93} INFO - === EXTENDED DATASET ===
[2026-03-27T04:59:59.077+0000] {subprocess.py:93} INFO - Shape: (45466, 5)
[2026-03-27T04:59:59.079+0000] {subprocess.py:93} INFO - Columns: ['id', 'genres', 'production_companies', 'production_countries', 'spoken_languages']
[2026-03-27T04:59:59.081+0000] {subprocess.py:93} INFO - Data types:
[2026-03-27T04:59:59.083+0000] {subprocess.py:93} INFO -  id                      object
[2026-03-27T04:59:59.087+0000] {subprocess.py:93} INFO - genres                  object
[2026-03-27T04:59:59.092+0000] {subprocess.py:93} INFO - production_companies    object
[2026-03-27T04:59:59.096+0000] {subprocess.py:93} INFO - production_countries    object
[2026-03-27T04:59:59.099+0000] {subprocess.py:93} INFO - spoken_languages        object
[2026-03-27T04:59:59.102+0000] {subprocess.py:93} INFO - dtype: object
[2026-03-27T04:59:59.104+0000] {subprocess.py:93} INFO - Missing values:
[2026-03-27T04:59:59.106+0000] {subprocess.py:93} INFO -  id                          0
[2026-03-27T04:59:59.109+0000] {subprocess.py:93} INFO - genres                   2442
[2026-03-27T04:59:59.111+0000] {subprocess.py:93} INFO - production_companies    12365
[2026-03-27T04:59:59.113+0000] {subprocess.py:93} INFO - production_countries        0
[2026-03-27T04:59:59.116+0000] {subprocess.py:93} INFO - spoken_languages            6
[2026-03-27T04:59:59.119+0000] {subprocess.py:93} INFO - dtype: int64
[2026-03-27T04:59:59.125+0000] {subprocess.py:93} INFO - Duplicate rows: 30
[2026-03-27T04:59:59.127+0000] {subprocess.py:93} INFO - --------------------------------------------------
[2026-03-27T04:59:59.130+0000] {subprocess.py:93} INFO - 
[2026-03-27T04:59:59.131+0000] {subprocess.py:93} INFO - === RATINGS DATASET ===
[2026-03-27T04:59:59.133+0000] {subprocess.py:93} INFO - Shape: (9066, 5)
[2026-03-27T04:59:59.145+0000] {subprocess.py:93} INFO - Columns: ['movie_id', 'last_rated', 'ratings_summary.avg_rating', 'ratings_summary.total_ratings', 'ratings_summary.std_dev']
[2026-03-27T04:59:59.149+0000] {subprocess.py:93} INFO - Data types:
[2026-03-27T04:59:59.154+0000] {subprocess.py:93} INFO -  movie_id                           int64
[2026-03-27T04:59:59.161+0000] {subprocess.py:93} INFO - last_rated                         int64
[2026-03-27T04:59:59.164+0000] {subprocess.py:93} INFO - ratings_summary.avg_rating       float64
[2026-03-27T04:59:59.167+0000] {subprocess.py:93} INFO - ratings_summary.total_ratings      int64
[2026-03-27T04:59:59.169+0000] {subprocess.py:93} INFO - ratings_summary.std_dev          float64
[2026-03-27T04:59:59.170+0000] {subprocess.py:93} INFO - dtype: object
[2026-03-27T04:59:59.172+0000] {subprocess.py:93} INFO - Missing values:
[2026-03-27T04:59:59.174+0000] {subprocess.py:93} INFO -  movie_id                            0
[2026-03-27T04:59:59.178+0000] {subprocess.py:93} INFO - last_rated                          0
[2026-03-27T04:59:59.179+0000] {subprocess.py:93} INFO - ratings_summary.avg_rating          0
[2026-03-27T04:59:59.183+0000] {subprocess.py:93} INFO - ratings_summary.total_ratings       0
[2026-03-27T04:59:59.185+0000] {subprocess.py:93} INFO - ratings_summary.std_dev          3063
[2026-03-27T04:59:59.186+0000] {subprocess.py:93} INFO - dtype: int64
[2026-03-27T04:59:59.189+0000] {subprocess.py:93} INFO - Duplicate rows: 0
[2026-03-27T04:59:59.192+0000] {subprocess.py:93} INFO - --------------------------------------------------
[2026-03-27T04:59:59.194+0000] {subprocess.py:93} INFO - 
[2026-03-27T04:59:59.196+0000] {subprocess.py:93} INFO - Cleaning Movies dataset...
[2026-03-27T04:59:59.198+0000] {subprocess.py:93} INFO - Missing release_date rows saved: /app/data/missing_release_dates.csv, Total: 30384
[2026-03-27T04:59:59.200+0000] {subprocess.py:93} INFO - 
[2026-03-27T04:59:59.203+0000] {subprocess.py:93} INFO - Financial Summary:
[2026-03-27T04:59:59.205+0000] {subprocess.py:93} INFO - financial_status
[2026-03-27T04:59:59.207+0000] {subprocess.py:93} INFO - Both Missing    35218
[2026-03-27T04:59:59.209+0000] {subprocess.py:93} INFO - Complete         4332
[2026-03-27T04:59:59.211+0000] {subprocess.py:93} INFO - Revenue Only     3066
[2026-03-27T04:59:59.213+0000] {subprocess.py:93} INFO - Budget Only      2817
[2026-03-27T04:59:59.214+0000] {subprocess.py:93} INFO - Name: count, dtype: int64
[2026-03-27T04:59:59.216+0000] {subprocess.py:93} INFO - Suspicious movies saved: /app/data/suspicious_movies.csv, Total: 3066
[2026-03-27T04:59:59.219+0000] {subprocess.py:93} INFO - 
[2026-03-27T04:59:59.221+0000] {subprocess.py:93} INFO - Cleaning Extended dataset...
[2026-03-27T04:59:59.225+0000] {subprocess.py:93} INFO - 
[2026-03-27T04:59:59.228+0000] {subprocess.py:93} INFO - Cleaning Ratings dataset...
[2026-03-27T04:59:59.230+0000] {subprocess.py:93} INFO - 
[2026-03-27T04:59:59.233+0000] {subprocess.py:93} INFO - Enriching Movies dataset...
[2026-03-27T04:59:59.236+0000] {subprocess.py:93} INFO - 
[2026-03-27T04:59:59.238+0000] {subprocess.py:93} INFO - === FINAL DATA CHECK ===
[2026-03-27T04:59:59.242+0000] {subprocess.py:93} INFO - 
[2026-03-27T04:59:59.246+0000] {subprocess.py:93} INFO - Movies missing values:
[2026-03-27T04:59:59.248+0000] {subprocess.py:93} INFO -  id                                0
[2026-03-27T04:59:59.251+0000] {subprocess.py:93} INFO - title                             0
[2026-03-27T04:59:59.254+0000] {subprocess.py:93} INFO - release_date                     87
[2026-03-27T04:59:59.259+0000] {subprocess.py:93} INFO - budget                         4432
[2026-03-27T04:59:59.269+0000] {subprocess.py:93} INFO - revenue                           3
[2026-03-27T04:59:59.274+0000] {subprocess.py:93} INFO - budget_clean                  38284
[2026-03-27T04:59:59.277+0000] {subprocess.py:93} INFO - revenue_clean                 38035
[2026-03-27T04:59:59.279+0000] {subprocess.py:93} INFO - release_date_clean            30384
[2026-03-27T04:59:59.282+0000] {subprocess.py:93} INFO - release_year                  30384
[2026-03-27T04:59:59.287+0000] {subprocess.py:93} INFO - release_month                 30384
[2026-03-27T04:59:59.291+0000] {subprocess.py:93} INFO - budget_missing_flag               0
[2026-03-27T04:59:59.299+0000] {subprocess.py:93} INFO - revenue_missing_flag              0
[2026-03-27T04:59:59.303+0000] {subprocess.py:93} INFO - suspicious_flag                   0
[2026-03-27T04:59:59.309+0000] {subprocess.py:93} INFO - financial_status                  0
[2026-03-27T04:59:59.313+0000] {subprocess.py:93} INFO - genres                            0
[2026-03-27T04:59:59.319+0000] {subprocess.py:93} INFO - production_companies              0
[2026-03-27T04:59:59.323+0000] {subprocess.py:93} INFO - production_countries              0
[2026-03-27T04:59:59.335+0000] {subprocess.py:93} INFO - spoken_languages                  0
[2026-03-27T04:59:59.343+0000] {subprocess.py:93} INFO - revenue_category                  0
[2026-03-27T04:59:59.351+0000] {subprocess.py:93} INFO - movie_id                      42603
[2026-03-27T04:59:59.354+0000] {subprocess.py:93} INFO - ratings_summary.avg_rating        0
[2026-03-27T04:59:59.357+0000] {subprocess.py:93} INFO - has_ratings                       0
[2026-03-27T04:59:59.362+0000] {subprocess.py:93} INFO - data_completeness                 0
[2026-03-27T04:59:59.364+0000] {subprocess.py:93} INFO - dtype: int64
[2026-03-27T04:59:59.370+0000] {subprocess.py:93} INFO - Movies duplicates: 0
[2026-03-27T04:59:59.378+0000] {subprocess.py:93} INFO - 
[2026-03-27T04:59:59.382+0000] {subprocess.py:93} INFO - Extended missing values:
[2026-03-27T04:59:59.385+0000] {subprocess.py:93} INFO -  id                      0
[2026-03-27T04:59:59.389+0000] {subprocess.py:93} INFO - genres                  0
[2026-03-27T04:59:59.391+0000] {subprocess.py:93} INFO - production_companies    0
[2026-03-27T04:59:59.394+0000] {subprocess.py:93} INFO - production_countries    0
[2026-03-27T04:59:59.396+0000] {subprocess.py:93} INFO - spoken_languages        0
[2026-03-27T04:59:59.399+0000] {subprocess.py:93} INFO - dtype: int64
[2026-03-27T04:59:59.403+0000] {subprocess.py:93} INFO - Extended duplicates: 0
[2026-03-27T04:59:59.405+0000] {subprocess.py:93} INFO - 
[2026-03-27T04:59:59.409+0000] {subprocess.py:93} INFO - Ratings missing values:
[2026-03-27T04:59:59.411+0000] {subprocess.py:93} INFO -  movie_id                         0
[2026-03-27T04:59:59.415+0000] {subprocess.py:93} INFO - last_rated                       0
[2026-03-27T04:59:59.417+0000] {subprocess.py:93} INFO - ratings_summary.avg_rating       0
[2026-03-27T04:59:59.419+0000] {subprocess.py:93} INFO - ratings_summary.total_ratings    0
[2026-03-27T04:59:59.422+0000] {subprocess.py:93} INFO - ratings_summary.std_dev          0
[2026-03-27T04:59:59.425+0000] {subprocess.py:93} INFO - dtype: int64
[2026-03-27T04:59:59.428+0000] {subprocess.py:93} INFO - Ratings duplicates: 0
[2026-03-27T04:59:59.430+0000] {subprocess.py:93} INFO - 
[2026-03-27T04:59:59.433+0000] {subprocess.py:93} INFO - Saving cleaned datasets...
[2026-03-27T04:59:59.435+0000] {subprocess.py:93} INFO - 
[2026-03-27T04:59:59.439+0000] {subprocess.py:93} INFO - ✅ Cleaned and enriched datasets saved successfully!
[2026-03-27T04:59:59.860+0000] {subprocess.py:97} INFO - Command exited with return code 0
[2026-03-27T04:59:59.978+0000] {taskinstance.py:340} INFO - ::group::Post task execution logs
[2026-03-27T04:59:59.984+0000] {taskinstance.py:352} INFO - Marking task as SUCCESS. dag_id=movie_data_pipeline, task_id=clean_and_enrich, run_id=scheduled__2026-03-26T00:00:00+00:00, execution_date=20260326T000000, start_date=20260327T045946, end_date=20260327T045959
[2026-03-27T05:00:00.098+0000] {local_task_job_runner.py:266} INFO - Task exited with return code 0
[2026-03-27T05:00:00.232+0000] {taskinstance.py:3900} INFO - 1 downstream tasks scheduled from follow-on schedule check
[2026-03-27T05:00:00.302+0000] {local_task_job_runner.py:245} INFO - ::endgroup::
