[2026-03-31T00:02:29.598+0000] {local_task_job_runner.py:123} INFO - ::group::Pre task execution logs
[2026-03-31T00:02:29.616+0000] {taskinstance.py:2612} INFO - Dependencies all met for dep_context=non-requeueable deps ti=<TaskInstance: movie_data_pipeline.clean_and_enrich scheduled__2026-03-30T00:00:00+00:00 [queued]>
[2026-03-31T00:02:29.625+0000] {taskinstance.py:2612} INFO - Dependencies all met for dep_context=requeueable deps ti=<TaskInstance: movie_data_pipeline.clean_and_enrich scheduled__2026-03-30T00:00:00+00:00 [queued]>
[2026-03-31T00:02:29.626+0000] {taskinstance.py:2865} INFO - Starting attempt 1 of 2
[2026-03-31T00:02:29.639+0000] {taskinstance.py:2888} INFO - Executing <Task(BashOperator): clean_and_enrich> on 2026-03-30 00:00:00+00:00
[2026-03-31T00:02:29.646+0000] {logging_mixin.py:190} WARNING - /home/***/.local/lib/python3.12/site-packages/***/task/task_runner/standard_task_runner.py:70 DeprecationWarning: This process (pid=164) is multi-threaded, use of fork() may lead to deadlocks in the child.
[2026-03-31T00:02:29.647+0000] {standard_task_runner.py:72} INFO - Started process 169 to run task
[2026-03-31T00:02:29.646+0000] {standard_task_runner.py:104} INFO - Running: ['***', 'tasks', 'run', 'movie_data_pipeline', 'clean_and_enrich', 'scheduled__2026-03-30T00:00:00+00:00', '--job-id', '61', '--raw', '--subdir', 'DAGS_FOLDER/movies_clean_dag.py', '--cfg-path', '/tmp/tmp_ia_460b']
[2026-03-31T00:02:29.648+0000] {standard_task_runner.py:105} INFO - Job 61: Subtask clean_and_enrich
[2026-03-31T00:02:29.663+0000] {logging_mixin.py:190} WARNING - /home/***/.local/lib/python3.12/site-packages/***/settings.py:209 DeprecationWarning: The sql_alchemy_conn option in [core] has been moved to the sql_alchemy_conn option in [database] - the old setting has been used, but please update your config.
[2026-03-31T00:02:29.700+0000] {task_command.py:467} INFO - Running <TaskInstance: movie_data_pipeline.clean_and_enrich scheduled__2026-03-30T00:00:00+00:00 [running]> on host c614fc8d418a
[2026-03-31T00:02:29.702+0000] {logging_mixin.py:190} WARNING - /home/***/.local/lib/python3.12/site-packages/***/settings.py:470 DeprecationWarning: The sql_alchemy_conn option in [core] has been moved to the sql_alchemy_conn option in [database] - the old setting has been used, but please update your config.
[2026-03-31T00:02:29.785+0000] {taskinstance.py:3131} INFO - Exporting env vars: AIRFLOW_CTX_DAG_OWNER='***' AIRFLOW_CTX_DAG_ID='movie_data_pipeline' AIRFLOW_CTX_TASK_ID='clean_and_enrich' AIRFLOW_CTX_EXECUTION_DATE='2026-03-30T00:00:00+00:00' AIRFLOW_CTX_TRY_NUMBER='1' AIRFLOW_CTX_DAG_RUN_ID='scheduled__2026-03-30T00:00:00+00:00'
[2026-03-31T00:02:29.786+0000] {taskinstance.py:731} INFO - ::endgroup::
[2026-03-31T00:02:29.809+0000] {subprocess.py:63} INFO - Tmp dir root location: /tmp
[2026-03-31T00:02:29.810+0000] {subprocess.py:75} INFO - Running command: ['/usr/bin/bash', '-c', 'python /app/scripts/data-cleaning.py']
[2026-03-31T00:02:29.818+0000] {subprocess.py:86} INFO - Output:
[2026-03-31T00:02:39.018+0000] {subprocess.py:93} INFO - Loading datasets...
[2026-03-31T00:02:39.020+0000] {subprocess.py:93} INFO - 
[2026-03-31T00:02:39.022+0000] {subprocess.py:93} INFO - 
[2026-03-31T00:02:39.024+0000] {subprocess.py:93} INFO - === MOVIES DATASET ===
[2026-03-31T00:02:39.025+0000] {subprocess.py:93} INFO - Shape: (45486, 5)
[2026-03-31T00:02:39.026+0000] {subprocess.py:93} INFO - Columns: ['id', 'title', 'release_date', 'budget', 'revenue']
[2026-03-31T00:02:39.026+0000] {subprocess.py:93} INFO - Data types:
[2026-03-31T00:02:39.027+0000] {subprocess.py:93} INFO -  id               object
[2026-03-31T00:02:39.028+0000] {subprocess.py:93} INFO - title            object
[2026-03-31T00:02:39.029+0000] {subprocess.py:93} INFO - release_date     object
[2026-03-31T00:02:39.029+0000] {subprocess.py:93} INFO - budget           object
[2026-03-31T00:02:39.030+0000] {subprocess.py:93} INFO - revenue         float64
[2026-03-31T00:02:39.031+0000] {subprocess.py:93} INFO - dtype: object
[2026-03-31T00:02:39.032+0000] {subprocess.py:93} INFO - Missing values:
[2026-03-31T00:02:39.033+0000] {subprocess.py:93} INFO -  id                 0
[2026-03-31T00:02:39.034+0000] {subprocess.py:93} INFO - title              6
[2026-03-31T00:02:39.036+0000] {subprocess.py:93} INFO - release_date      90
[2026-03-31T00:02:39.036+0000] {subprocess.py:93} INFO - budget          4435
[2026-03-31T00:02:39.037+0000] {subprocess.py:93} INFO - revenue            6
[2026-03-31T00:02:39.038+0000] {subprocess.py:93} INFO - dtype: int64
[2026-03-31T00:02:39.039+0000] {subprocess.py:93} INFO - Duplicate rows: 6
[2026-03-31T00:02:39.040+0000] {subprocess.py:93} INFO - --------------------------------------------------
[2026-03-31T00:02:39.041+0000] {subprocess.py:93} INFO - 
[2026-03-31T00:02:39.042+0000] {subprocess.py:93} INFO - === EXTENDED DATASET ===
[2026-03-31T00:02:39.043+0000] {subprocess.py:93} INFO - Shape: (45466, 5)
[2026-03-31T00:02:39.043+0000] {subprocess.py:93} INFO - Columns: ['id', 'genres', 'production_companies', 'production_countries', 'spoken_languages']
[2026-03-31T00:02:39.044+0000] {subprocess.py:93} INFO - Data types:
[2026-03-31T00:02:39.045+0000] {subprocess.py:93} INFO -  id                      object
[2026-03-31T00:02:39.046+0000] {subprocess.py:93} INFO - genres                  object
[2026-03-31T00:02:39.047+0000] {subprocess.py:93} INFO - production_companies    object
[2026-03-31T00:02:39.047+0000] {subprocess.py:93} INFO - production_countries    object
[2026-03-31T00:02:39.048+0000] {subprocess.py:93} INFO - spoken_languages        object
[2026-03-31T00:02:39.049+0000] {subprocess.py:93} INFO - dtype: object
[2026-03-31T00:02:39.050+0000] {subprocess.py:93} INFO - Missing values:
[2026-03-31T00:02:39.051+0000] {subprocess.py:93} INFO -  id                          0
[2026-03-31T00:02:39.051+0000] {subprocess.py:93} INFO - genres                   2442
[2026-03-31T00:02:39.052+0000] {subprocess.py:93} INFO - production_companies    12365
[2026-03-31T00:02:39.053+0000] {subprocess.py:93} INFO - production_countries        0
[2026-03-31T00:02:39.054+0000] {subprocess.py:93} INFO - spoken_languages            6
[2026-03-31T00:02:39.054+0000] {subprocess.py:93} INFO - dtype: int64
[2026-03-31T00:02:39.055+0000] {subprocess.py:93} INFO - Duplicate rows: 30
[2026-03-31T00:02:39.055+0000] {subprocess.py:93} INFO - --------------------------------------------------
[2026-03-31T00:02:39.056+0000] {subprocess.py:93} INFO - 
[2026-03-31T00:02:39.057+0000] {subprocess.py:93} INFO - === RATINGS DATASET ===
[2026-03-31T00:02:39.058+0000] {subprocess.py:93} INFO - Shape: (9066, 5)
[2026-03-31T00:02:39.059+0000] {subprocess.py:93} INFO - Columns: ['movie_id', 'last_rated', 'ratings_summary.avg_rating', 'ratings_summary.total_ratings', 'ratings_summary.std_dev']
[2026-03-31T00:02:39.060+0000] {subprocess.py:93} INFO - Data types:
[2026-03-31T00:02:39.063+0000] {subprocess.py:93} INFO -  movie_id                           int64
[2026-03-31T00:02:39.065+0000] {subprocess.py:93} INFO - last_rated                         int64
[2026-03-31T00:02:39.066+0000] {subprocess.py:93} INFO - ratings_summary.avg_rating       float64
[2026-03-31T00:02:39.067+0000] {subprocess.py:93} INFO - ratings_summary.total_ratings      int64
[2026-03-31T00:02:39.072+0000] {subprocess.py:93} INFO - ratings_summary.std_dev          float64
[2026-03-31T00:02:39.073+0000] {subprocess.py:93} INFO - dtype: object
[2026-03-31T00:02:39.074+0000] {subprocess.py:93} INFO - Missing values:
[2026-03-31T00:02:39.075+0000] {subprocess.py:93} INFO -  movie_id                            0
[2026-03-31T00:02:39.076+0000] {subprocess.py:93} INFO - last_rated                          0
[2026-03-31T00:02:39.077+0000] {subprocess.py:93} INFO - ratings_summary.avg_rating          0
[2026-03-31T00:02:39.078+0000] {subprocess.py:93} INFO - ratings_summary.total_ratings       0
[2026-03-31T00:02:39.078+0000] {subprocess.py:93} INFO - ratings_summary.std_dev          3063
[2026-03-31T00:02:39.079+0000] {subprocess.py:93} INFO - dtype: int64
[2026-03-31T00:02:39.080+0000] {subprocess.py:93} INFO - Duplicate rows: 0
[2026-03-31T00:02:39.081+0000] {subprocess.py:93} INFO - --------------------------------------------------
[2026-03-31T00:02:39.081+0000] {subprocess.py:93} INFO - 
[2026-03-31T00:02:39.082+0000] {subprocess.py:93} INFO - Cleaning Movies dataset...
[2026-03-31T00:02:39.083+0000] {subprocess.py:93} INFO - Missing release_date rows saved: /app/data/missing_release_dates.csv, Total: 30384
[2026-03-31T00:02:39.084+0000] {subprocess.py:93} INFO - Suspicious movies saved: /app/data/suspicious_movies.csv, Total: 3066
[2026-03-31T00:02:39.084+0000] {subprocess.py:93} INFO - 
[2026-03-31T00:02:39.085+0000] {subprocess.py:93} INFO - Cleaning Extended dataset...
[2026-03-31T00:02:39.086+0000] {subprocess.py:93} INFO - 
[2026-03-31T00:02:39.087+0000] {subprocess.py:93} INFO - Cleaning Ratings dataset...
[2026-03-31T00:02:39.087+0000] {subprocess.py:93} INFO - 
[2026-03-31T00:02:39.088+0000] {subprocess.py:93} INFO - Enriching Movies dataset...
[2026-03-31T00:02:39.088+0000] {subprocess.py:93} INFO - 
[2026-03-31T00:02:39.089+0000] {subprocess.py:93} INFO - === FINAL DATA CHECK ===
[2026-03-31T00:02:39.089+0000] {subprocess.py:93} INFO - 
[2026-03-31T00:02:39.090+0000] {subprocess.py:93} INFO - Movies missing values:
[2026-03-31T00:02:39.091+0000] {subprocess.py:93} INFO -  id                                0
[2026-03-31T00:02:39.092+0000] {subprocess.py:93} INFO - title                             0
[2026-03-31T00:02:39.092+0000] {subprocess.py:93} INFO - release_date                     87
[2026-03-31T00:02:39.093+0000] {subprocess.py:93} INFO - budget                         4432
[2026-03-31T00:02:39.094+0000] {subprocess.py:93} INFO - revenue                           3
[2026-03-31T00:02:39.095+0000] {subprocess.py:93} INFO - budget_clean                  38284
[2026-03-31T00:02:39.095+0000] {subprocess.py:93} INFO - revenue_clean                 38035
[2026-03-31T00:02:39.096+0000] {subprocess.py:93} INFO - release_date_clean            30384
[2026-03-31T00:02:39.097+0000] {subprocess.py:93} INFO - release_year                  30384
[2026-03-31T00:02:39.097+0000] {subprocess.py:93} INFO - release_month                 30384
[2026-03-31T00:02:39.098+0000] {subprocess.py:93} INFO - budget_missing_flag               0
[2026-03-31T00:02:39.098+0000] {subprocess.py:93} INFO - revenue_missing_flag              0
[2026-03-31T00:02:39.099+0000] {subprocess.py:93} INFO - suspicious_flag                   0
[2026-03-31T00:02:39.100+0000] {subprocess.py:93} INFO - financial_status                  0
[2026-03-31T00:02:39.101+0000] {subprocess.py:93} INFO - genres                            0
[2026-03-31T00:02:39.101+0000] {subprocess.py:93} INFO - production_companies              0
[2026-03-31T00:02:39.102+0000] {subprocess.py:93} INFO - production_countries              0
[2026-03-31T00:02:39.103+0000] {subprocess.py:93} INFO - spoken_languages                  0
[2026-03-31T00:02:39.104+0000] {subprocess.py:93} INFO - revenue_category                  0
[2026-03-31T00:02:39.104+0000] {subprocess.py:93} INFO - movie_id                      42603
[2026-03-31T00:02:39.105+0000] {subprocess.py:93} INFO - ratings_summary.avg_rating        0
[2026-03-31T00:02:39.106+0000] {subprocess.py:93} INFO - has_ratings                       0
[2026-03-31T00:02:39.106+0000] {subprocess.py:93} INFO - data_completeness                 0
[2026-03-31T00:02:39.107+0000] {subprocess.py:93} INFO - dtype: int64
[2026-03-31T00:02:39.107+0000] {subprocess.py:93} INFO - Movies duplicates: 0
[2026-03-31T00:02:39.108+0000] {subprocess.py:93} INFO - 
[2026-03-31T00:02:39.108+0000] {subprocess.py:93} INFO - Extended missing values:
[2026-03-31T00:02:39.109+0000] {subprocess.py:93} INFO -  id                      0
[2026-03-31T00:02:39.109+0000] {subprocess.py:93} INFO - genres                  0
[2026-03-31T00:02:39.110+0000] {subprocess.py:93} INFO - production_companies    0
[2026-03-31T00:02:39.110+0000] {subprocess.py:93} INFO - production_countries    0
[2026-03-31T00:02:39.111+0000] {subprocess.py:93} INFO - spoken_languages        0
[2026-03-31T00:02:39.111+0000] {subprocess.py:93} INFO - dtype: int64
[2026-03-31T00:02:39.112+0000] {subprocess.py:93} INFO - Extended duplicates: 0
[2026-03-31T00:02:39.112+0000] {subprocess.py:93} INFO - 
[2026-03-31T00:02:39.113+0000] {subprocess.py:93} INFO - Ratings missing values:
[2026-03-31T00:02:39.113+0000] {subprocess.py:93} INFO -  movie_id                         0
[2026-03-31T00:02:39.114+0000] {subprocess.py:93} INFO - last_rated                       0
[2026-03-31T00:02:39.114+0000] {subprocess.py:93} INFO - ratings_summary.avg_rating       0
[2026-03-31T00:02:39.115+0000] {subprocess.py:93} INFO - ratings_summary.total_ratings    0
[2026-03-31T00:02:39.115+0000] {subprocess.py:93} INFO - ratings_summary.std_dev          0
[2026-03-31T00:02:39.116+0000] {subprocess.py:93} INFO - dtype: int64
[2026-03-31T00:02:39.117+0000] {subprocess.py:93} INFO - Ratings duplicates: 0
[2026-03-31T00:02:39.117+0000] {subprocess.py:93} INFO - 
[2026-03-31T00:02:39.118+0000] {subprocess.py:93} INFO - Saving cleaned datasets...
[2026-03-31T00:02:39.118+0000] {subprocess.py:93} INFO - 
[2026-03-31T00:02:39.119+0000] {subprocess.py:93} INFO - ✅ Cleaned and enriched datasets saved successfully!
[2026-03-31T00:02:39.119+0000] {subprocess.py:93} INFO - ✅ PostgreSQL-ready CSV: clean_movies.csv
[2026-03-31T00:02:39.226+0000] {subprocess.py:97} INFO - Command exited with return code 0
[2026-03-31T00:02:39.267+0000] {taskinstance.py:340} INFO - ::group::Post task execution logs
[2026-03-31T00:02:39.269+0000] {taskinstance.py:352} INFO - Marking task as SUCCESS. dag_id=movie_data_pipeline, task_id=clean_and_enrich, run_id=scheduled__2026-03-30T00:00:00+00:00, execution_date=20260330T000000, start_date=20260331T000229, end_date=20260331T000239
[2026-03-31T00:02:39.310+0000] {local_task_job_runner.py:266} INFO - Task exited with return code 0
[2026-03-31T00:02:39.335+0000] {taskinstance.py:3900} INFO - 1 downstream tasks scheduled from follow-on schedule check
[2026-03-31T00:02:39.337+0000] {local_task_job_runner.py:245} INFO - ::endgroup::
