[2026-03-21T10:27:34.179+0000] {processor.py:186} INFO - Started process (PID=161) to work on /opt/airflow/dags/movies_data_dag.py
[2026-03-21T10:27:34.180+0000] {processor.py:914} INFO - Processing file /opt/airflow/dags/movies_data_dag.py for tasks to queue
[2026-03-21T10:27:34.182+0000] {logging_mixin.py:190} INFO - [2026-03-21T10:27:34.182+0000] {dagbag.py:588} INFO - Filling up the DagBag from /opt/airflow/dags/movies_data_dag.py
[2026-03-21T10:27:36.586+0000] {processor.py:925} INFO - DAG(s) 'movie_data_pipeline' retrieved from /opt/airflow/dags/movies_data_dag.py
[2026-03-21T10:27:36.836+0000] {logging_mixin.py:190} INFO - [2026-03-21T10:27:36.836+0000] {override.py:1900} INFO - Created Permission View: can delete on DAG:movie_data_pipeline
[2026-03-21T10:27:36.854+0000] {logging_mixin.py:190} INFO - [2026-03-21T10:27:36.853+0000] {override.py:1900} INFO - Created Permission View: can read on DAG:movie_data_pipeline
[2026-03-21T10:27:36.867+0000] {logging_mixin.py:190} INFO - [2026-03-21T10:27:36.867+0000] {override.py:1900} INFO - Created Permission View: can edit on DAG:movie_data_pipeline
[2026-03-21T10:27:36.882+0000] {logging_mixin.py:190} INFO - [2026-03-21T10:27:36.882+0000] {override.py:1900} INFO - Created Permission View: menu access on DAG Run:movie_data_pipeline
[2026-03-21T10:27:36.894+0000] {logging_mixin.py:190} INFO - [2026-03-21T10:27:36.893+0000] {override.py:1900} INFO - Created Permission View: can delete on DAG Run:movie_data_pipeline
[2026-03-21T10:27:36.902+0000] {logging_mixin.py:190} INFO - [2026-03-21T10:27:36.901+0000] {override.py:1900} INFO - Created Permission View: can read on DAG Run:movie_data_pipeline
[2026-03-21T10:27:36.910+0000] {logging_mixin.py:190} INFO - [2026-03-21T10:27:36.910+0000] {override.py:1900} INFO - Created Permission View: can create on DAG Run:movie_data_pipeline
[2026-03-21T10:27:36.913+0000] {logging_mixin.py:190} INFO - [2026-03-21T10:27:36.912+0000] {dag.py:3239} INFO - Sync 1 DAGs
[2026-03-21T10:27:36.928+0000] {logging_mixin.py:190} INFO - [2026-03-21T10:27:36.927+0000] {dag.py:3262} INFO - Creating ORM DAG for movie_data_pipeline
[2026-03-21T10:27:36.930+0000] {logging_mixin.py:190} INFO - [2026-03-21T10:27:36.929+0000] {dag.py:4180} INFO - Setting next_dagrun for movie_data_pipeline to None, run_after=None
[2026-03-21T10:27:36.955+0000] {processor.py:208} INFO - Processing /opt/airflow/dags/movies_data_dag.py took 2.782 seconds
[2026-03-21T10:28:07.228+0000] {processor.py:186} INFO - Started process (PID=167) to work on /opt/airflow/dags/movies_data_dag.py
[2026-03-21T10:28:07.230+0000] {processor.py:914} INFO - Processing file /opt/airflow/dags/movies_data_dag.py for tasks to queue
[2026-03-21T10:28:07.234+0000] {logging_mixin.py:190} INFO - [2026-03-21T10:28:07.233+0000] {dagbag.py:588} INFO - Filling up the DagBag from /opt/airflow/dags/movies_data_dag.py
[2026-03-21T10:28:07.747+0000] {processor.py:925} INFO - DAG(s) 'movie_data_pipeline' retrieved from /opt/airflow/dags/movies_data_dag.py
[2026-03-21T10:28:07.773+0000] {logging_mixin.py:190} INFO - [2026-03-21T10:28:07.772+0000] {dag.py:3239} INFO - Sync 1 DAGs
[2026-03-21T10:28:07.785+0000] {logging_mixin.py:190} INFO - [2026-03-21T10:28:07.785+0000] {dag.py:4180} INFO - Setting next_dagrun for movie_data_pipeline to None, run_after=None
[2026-03-21T10:28:07.803+0000] {processor.py:208} INFO - Processing /opt/airflow/dags/movies_data_dag.py took 0.582 seconds
[2026-03-21T10:28:38.774+0000] {processor.py:186} INFO - Started process (PID=173) to work on /opt/airflow/dags/movies_data_dag.py
[2026-03-21T10:28:38.775+0000] {processor.py:914} INFO - Processing file /opt/airflow/dags/movies_data_dag.py for tasks to queue
[2026-03-21T10:28:38.777+0000] {logging_mixin.py:190} INFO - [2026-03-21T10:28:38.777+0000] {dagbag.py:588} INFO - Filling up the DagBag from /opt/airflow/dags/movies_data_dag.py
[2026-03-21T10:28:40.931+0000] {processor.py:925} INFO - DAG(s) 'movie_data_pipeline' retrieved from /opt/airflow/dags/movies_data_dag.py
[2026-03-21T10:28:41.224+0000] {logging_mixin.py:190} INFO - [2026-03-21T10:28:41.224+0000] {dag.py:3239} INFO - Sync 1 DAGs
[2026-03-21T10:28:41.236+0000] {logging_mixin.py:190} INFO - [2026-03-21T10:28:41.236+0000] {dag.py:4180} INFO - Setting next_dagrun for movie_data_pipeline to None, run_after=None
[2026-03-21T10:28:41.989+0000] {processor.py:208} INFO - Processing /opt/airflow/dags/movies_data_dag.py took 3.220 seconds
[2026-03-21T10:29:12.967+0000] {processor.py:186} INFO - Started process (PID=179) to work on /opt/airflow/dags/movies_data_dag.py
[2026-03-21T10:29:12.968+0000] {processor.py:914} INFO - Processing file /opt/airflow/dags/movies_data_dag.py for tasks to queue
[2026-03-21T10:29:12.970+0000] {logging_mixin.py:190} INFO - [2026-03-21T10:29:12.970+0000] {dagbag.py:588} INFO - Filling up the DagBag from /opt/airflow/dags/movies_data_dag.py
[2026-03-21T10:29:15.754+0000] {processor.py:925} INFO - DAG(s) 'movie_data_pipeline' retrieved from /opt/airflow/dags/movies_data_dag.py
[2026-03-21T10:29:16.008+0000] {logging_mixin.py:190} INFO - [2026-03-21T10:29:16.007+0000] {dag.py:3239} INFO - Sync 1 DAGs
[2026-03-21T10:29:16.051+0000] {logging_mixin.py:190} INFO - [2026-03-21T10:29:16.050+0000] {dag.py:4180} INFO - Setting next_dagrun for movie_data_pipeline to None, run_after=None
[2026-03-21T10:29:16.117+0000] {processor.py:208} INFO - Processing /opt/airflow/dags/movies_data_dag.py took 3.482 seconds
[2026-03-21T10:29:49.390+0000] {processor.py:186} INFO - Started process (PID=185) to work on /opt/airflow/dags/movies_data_dag.py
[2026-03-21T10:29:49.402+0000] {processor.py:914} INFO - Processing file /opt/airflow/dags/movies_data_dag.py for tasks to queue
[2026-03-21T10:29:49.622+0000] {logging_mixin.py:190} INFO - [2026-03-21T10:29:49.565+0000] {dagbag.py:588} INFO - Filling up the DagBag from /opt/airflow/dags/movies_data_dag.py
[2026-03-21T10:29:54.509+0000] {processor.py:925} INFO - DAG(s) 'movie_data_pipeline' retrieved from /opt/airflow/dags/movies_data_dag.py
[2026-03-21T10:29:54.541+0000] {logging_mixin.py:190} INFO - [2026-03-21T10:29:54.541+0000] {dag.py:3239} INFO - Sync 1 DAGs
[2026-03-21T10:29:54.559+0000] {logging_mixin.py:190} INFO - [2026-03-21T10:29:54.558+0000] {dag.py:4180} INFO - Setting next_dagrun for movie_data_pipeline to None, run_after=None
[2026-03-21T10:29:54.595+0000] {processor.py:208} INFO - Processing /opt/airflow/dags/movies_data_dag.py took 5.684 seconds
[2026-03-21T10:30:26.475+0000] {processor.py:186} INFO - Started process (PID=195) to work on /opt/airflow/dags/movies_data_dag.py
[2026-03-21T10:30:26.589+0000] {processor.py:914} INFO - Processing file /opt/airflow/dags/movies_data_dag.py for tasks to queue
[2026-03-21T10:30:26.594+0000] {logging_mixin.py:190} INFO - [2026-03-21T10:30:26.594+0000] {dagbag.py:588} INFO - Filling up the DagBag from /opt/airflow/dags/movies_data_dag.py
[2026-03-21T10:30:27.550+0000] {processor.py:925} INFO - DAG(s) 'movie_data_pipeline' retrieved from /opt/airflow/dags/movies_data_dag.py
[2026-03-21T10:30:28.056+0000] {logging_mixin.py:190} INFO - [2026-03-21T10:30:28.055+0000] {dag.py:3239} INFO - Sync 1 DAGs
[2026-03-21T10:30:28.075+0000] {logging_mixin.py:190} INFO - [2026-03-21T10:30:28.074+0000] {dag.py:4180} INFO - Setting next_dagrun for movie_data_pipeline to None, run_after=None
[2026-03-21T10:30:28.105+0000] {processor.py:208} INFO - Processing /opt/airflow/dags/movies_data_dag.py took 1.636 seconds
[2026-03-21T10:30:58.888+0000] {processor.py:186} INFO - Started process (PID=201) to work on /opt/airflow/dags/movies_data_dag.py
[2026-03-21T10:30:58.901+0000] {processor.py:914} INFO - Processing file /opt/airflow/dags/movies_data_dag.py for tasks to queue
[2026-03-21T10:30:58.906+0000] {logging_mixin.py:190} INFO - [2026-03-21T10:30:58.905+0000] {dagbag.py:588} INFO - Filling up the DagBag from /opt/airflow/dags/movies_data_dag.py
[2026-03-21T10:30:59.474+0000] {processor.py:925} INFO - DAG(s) 'movie_data_pipeline' retrieved from /opt/airflow/dags/movies_data_dag.py
[2026-03-21T10:30:59.495+0000] {logging_mixin.py:190} INFO - [2026-03-21T10:30:59.495+0000] {dag.py:3239} INFO - Sync 1 DAGs
[2026-03-21T10:30:59.505+0000] {logging_mixin.py:190} INFO - [2026-03-21T10:30:59.505+0000] {dag.py:4180} INFO - Setting next_dagrun for movie_data_pipeline to None, run_after=None
[2026-03-21T10:30:59.524+0000] {processor.py:208} INFO - Processing /opt/airflow/dags/movies_data_dag.py took 0.677 seconds
[2026-03-21T10:31:34.979+0000] {processor.py:186} INFO - Started process (PID=207) to work on /opt/airflow/dags/movies_data_dag.py
[2026-03-21T10:31:34.991+0000] {processor.py:914} INFO - Processing file /opt/airflow/dags/movies_data_dag.py for tasks to queue
[2026-03-21T10:31:34.997+0000] {logging_mixin.py:190} INFO - [2026-03-21T10:31:34.996+0000] {dagbag.py:588} INFO - Filling up the DagBag from /opt/airflow/dags/movies_data_dag.py
[2026-03-21T10:31:35.804+0000] {processor.py:925} INFO - DAG(s) 'movie_data_pipeline' retrieved from /opt/airflow/dags/movies_data_dag.py
[2026-03-21T10:31:35.830+0000] {logging_mixin.py:190} INFO - [2026-03-21T10:31:35.829+0000] {dag.py:3239} INFO - Sync 1 DAGs
[2026-03-21T10:31:35.840+0000] {logging_mixin.py:190} INFO - [2026-03-21T10:31:35.840+0000] {dag.py:4180} INFO - Setting next_dagrun for movie_data_pipeline to None, run_after=None
[2026-03-21T10:31:35.864+0000] {processor.py:208} INFO - Processing /opt/airflow/dags/movies_data_dag.py took 0.904 seconds
[2026-03-21T10:32:06.736+0000] {processor.py:186} INFO - Started process (PID=213) to work on /opt/airflow/dags/movies_data_dag.py
[2026-03-21T10:32:06.737+0000] {processor.py:914} INFO - Processing file /opt/airflow/dags/movies_data_dag.py for tasks to queue
[2026-03-21T10:32:06.743+0000] {logging_mixin.py:190} INFO - [2026-03-21T10:32:06.741+0000] {dagbag.py:588} INFO - Filling up the DagBag from /opt/airflow/dags/movies_data_dag.py
[2026-03-21T10:32:07.367+0000] {processor.py:925} INFO - DAG(s) 'movie_data_pipeline' retrieved from /opt/airflow/dags/movies_data_dag.py
[2026-03-21T10:32:07.396+0000] {logging_mixin.py:190} INFO - [2026-03-21T10:32:07.395+0000] {dag.py:3239} INFO - Sync 1 DAGs
[2026-03-21T10:32:07.410+0000] {logging_mixin.py:190} INFO - [2026-03-21T10:32:07.409+0000] {dag.py:4180} INFO - Setting next_dagrun for movie_data_pipeline to None, run_after=None
[2026-03-21T10:32:07.436+0000] {processor.py:208} INFO - Processing /opt/airflow/dags/movies_data_dag.py took 0.711 seconds
[2026-03-21T10:32:38.192+0000] {processor.py:186} INFO - Started process (PID=219) to work on /opt/airflow/dags/movies_data_dag.py
[2026-03-21T10:32:38.193+0000] {processor.py:914} INFO - Processing file /opt/airflow/dags/movies_data_dag.py for tasks to queue
[2026-03-21T10:32:38.197+0000] {logging_mixin.py:190} INFO - [2026-03-21T10:32:38.196+0000] {dagbag.py:588} INFO - Filling up the DagBag from /opt/airflow/dags/movies_data_dag.py
[2026-03-21T10:32:38.674+0000] {processor.py:925} INFO - DAG(s) 'movie_data_pipeline' retrieved from /opt/airflow/dags/movies_data_dag.py
[2026-03-21T10:32:38.694+0000] {logging_mixin.py:190} INFO - [2026-03-21T10:32:38.694+0000] {dag.py:3239} INFO - Sync 1 DAGs
[2026-03-21T10:32:38.708+0000] {logging_mixin.py:190} INFO - [2026-03-21T10:32:38.707+0000] {dag.py:4180} INFO - Setting next_dagrun for movie_data_pipeline to None, run_after=None
[2026-03-21T10:32:38.726+0000] {processor.py:208} INFO - Processing /opt/airflow/dags/movies_data_dag.py took 0.540 seconds
[2026-03-21T10:33:09.171+0000] {processor.py:186} INFO - Started process (PID=225) to work on /opt/airflow/dags/movies_data_dag.py
[2026-03-21T10:33:09.173+0000] {processor.py:914} INFO - Processing file /opt/airflow/dags/movies_data_dag.py for tasks to queue
[2026-03-21T10:33:09.176+0000] {logging_mixin.py:190} INFO - [2026-03-21T10:33:09.175+0000] {dagbag.py:588} INFO - Filling up the DagBag from /opt/airflow/dags/movies_data_dag.py
[2026-03-21T10:33:09.739+0000] {processor.py:925} INFO - DAG(s) 'movie_data_pipeline' retrieved from /opt/airflow/dags/movies_data_dag.py
[2026-03-21T10:33:09.764+0000] {logging_mixin.py:190} INFO - [2026-03-21T10:33:09.763+0000] {dag.py:3239} INFO - Sync 1 DAGs
[2026-03-21T10:33:09.777+0000] {logging_mixin.py:190} INFO - [2026-03-21T10:33:09.777+0000] {dag.py:4180} INFO - Setting next_dagrun for movie_data_pipeline to None, run_after=None
[2026-03-21T10:33:09.801+0000] {processor.py:208} INFO - Processing /opt/airflow/dags/movies_data_dag.py took 0.639 seconds
[2026-03-21T10:33:40.120+0000] {processor.py:186} INFO - Started process (PID=231) to work on /opt/airflow/dags/movies_data_dag.py
[2026-03-21T10:33:40.122+0000] {processor.py:914} INFO - Processing file /opt/airflow/dags/movies_data_dag.py for tasks to queue
[2026-03-21T10:33:40.125+0000] {logging_mixin.py:190} INFO - [2026-03-21T10:33:40.125+0000] {dagbag.py:588} INFO - Filling up the DagBag from /opt/airflow/dags/movies_data_dag.py
[2026-03-21T10:33:40.587+0000] {processor.py:925} INFO - DAG(s) 'movie_data_pipeline' retrieved from /opt/airflow/dags/movies_data_dag.py
[2026-03-21T10:33:40.608+0000] {logging_mixin.py:190} INFO - [2026-03-21T10:33:40.608+0000] {dag.py:3239} INFO - Sync 1 DAGs
[2026-03-21T10:33:40.619+0000] {logging_mixin.py:190} INFO - [2026-03-21T10:33:40.619+0000] {dag.py:4180} INFO - Setting next_dagrun for movie_data_pipeline to None, run_after=None
[2026-03-21T10:33:40.641+0000] {processor.py:208} INFO - Processing /opt/airflow/dags/movies_data_dag.py took 0.534 seconds
[2026-03-21T10:34:11.119+0000] {processor.py:186} INFO - Started process (PID=237) to work on /opt/airflow/dags/movies_data_dag.py
[2026-03-21T10:34:11.121+0000] {processor.py:914} INFO - Processing file /opt/airflow/dags/movies_data_dag.py for tasks to queue
[2026-03-21T10:34:11.125+0000] {logging_mixin.py:190} INFO - [2026-03-21T10:34:11.124+0000] {dagbag.py:588} INFO - Filling up the DagBag from /opt/airflow/dags/movies_data_dag.py
[2026-03-21T10:34:11.582+0000] {processor.py:925} INFO - DAG(s) 'movie_data_pipeline' retrieved from /opt/airflow/dags/movies_data_dag.py
[2026-03-21T10:34:11.607+0000] {logging_mixin.py:190} INFO - [2026-03-21T10:34:11.607+0000] {dag.py:3239} INFO - Sync 1 DAGs
[2026-03-21T10:34:11.619+0000] {logging_mixin.py:190} INFO - [2026-03-21T10:34:11.618+0000] {dag.py:4180} INFO - Setting next_dagrun for movie_data_pipeline to None, run_after=None
[2026-03-21T10:34:11.642+0000] {processor.py:208} INFO - Processing /opt/airflow/dags/movies_data_dag.py took 0.530 seconds
[2026-03-21T10:34:41.901+0000] {processor.py:186} INFO - Started process (PID=243) to work on /opt/airflow/dags/movies_data_dag.py
[2026-03-21T10:34:41.903+0000] {processor.py:914} INFO - Processing file /opt/airflow/dags/movies_data_dag.py for tasks to queue
[2026-03-21T10:34:41.910+0000] {logging_mixin.py:190} INFO - [2026-03-21T10:34:41.910+0000] {dagbag.py:588} INFO - Filling up the DagBag from /opt/airflow/dags/movies_data_dag.py
[2026-03-21T10:34:42.433+0000] {processor.py:925} INFO - DAG(s) 'movie_data_pipeline' retrieved from /opt/airflow/dags/movies_data_dag.py
[2026-03-21T10:34:42.456+0000] {logging_mixin.py:190} INFO - [2026-03-21T10:34:42.455+0000] {dag.py:3239} INFO - Sync 1 DAGs
[2026-03-21T10:34:42.468+0000] {logging_mixin.py:190} INFO - [2026-03-21T10:34:42.468+0000] {dag.py:4180} INFO - Setting next_dagrun for movie_data_pipeline to None, run_after=None
[2026-03-21T10:34:42.486+0000] {processor.py:208} INFO - Processing /opt/airflow/dags/movies_data_dag.py took 0.601 seconds
[2026-03-21T10:35:13.160+0000] {processor.py:186} INFO - Started process (PID=249) to work on /opt/airflow/dags/movies_data_dag.py
[2026-03-21T10:35:13.162+0000] {processor.py:914} INFO - Processing file /opt/airflow/dags/movies_data_dag.py for tasks to queue
[2026-03-21T10:35:13.167+0000] {logging_mixin.py:190} INFO - [2026-03-21T10:35:13.166+0000] {dagbag.py:588} INFO - Filling up the DagBag from /opt/airflow/dags/movies_data_dag.py
[2026-03-21T10:35:13.775+0000] {processor.py:925} INFO - DAG(s) 'movie_data_pipeline' retrieved from /opt/airflow/dags/movies_data_dag.py
[2026-03-21T10:35:13.799+0000] {logging_mixin.py:190} INFO - [2026-03-21T10:35:13.798+0000] {dag.py:3239} INFO - Sync 1 DAGs
[2026-03-21T10:35:13.810+0000] {logging_mixin.py:190} INFO - [2026-03-21T10:35:13.809+0000] {dag.py:4180} INFO - Setting next_dagrun for movie_data_pipeline to None, run_after=None
[2026-03-21T10:35:13.841+0000] {processor.py:208} INFO - Processing /opt/airflow/dags/movies_data_dag.py took 0.691 seconds
[2026-03-21T10:35:44.121+0000] {processor.py:186} INFO - Started process (PID=255) to work on /opt/airflow/dags/movies_data_dag.py
[2026-03-21T10:35:44.123+0000] {processor.py:914} INFO - Processing file /opt/airflow/dags/movies_data_dag.py for tasks to queue
[2026-03-21T10:35:44.125+0000] {logging_mixin.py:190} INFO - [2026-03-21T10:35:44.125+0000] {dagbag.py:588} INFO - Filling up the DagBag from /opt/airflow/dags/movies_data_dag.py
[2026-03-21T10:35:44.560+0000] {processor.py:925} INFO - DAG(s) 'movie_data_pipeline' retrieved from /opt/airflow/dags/movies_data_dag.py
[2026-03-21T10:35:44.582+0000] {logging_mixin.py:190} INFO - [2026-03-21T10:35:44.581+0000] {dag.py:3239} INFO - Sync 1 DAGs
[2026-03-21T10:35:44.593+0000] {logging_mixin.py:190} INFO - [2026-03-21T10:35:44.592+0000] {dag.py:4180} INFO - Setting next_dagrun for movie_data_pipeline to None, run_after=None
[2026-03-21T10:35:44.610+0000] {processor.py:208} INFO - Processing /opt/airflow/dags/movies_data_dag.py took 0.494 seconds
[2026-03-21T10:36:14.687+0000] {processor.py:186} INFO - Started process (PID=261) to work on /opt/airflow/dags/movies_data_dag.py
[2026-03-21T10:36:14.688+0000] {processor.py:914} INFO - Processing file /opt/airflow/dags/movies_data_dag.py for tasks to queue
[2026-03-21T10:36:14.691+0000] {logging_mixin.py:190} INFO - [2026-03-21T10:36:14.691+0000] {dagbag.py:588} INFO - Filling up the DagBag from /opt/airflow/dags/movies_data_dag.py
[2026-03-21T10:36:15.116+0000] {processor.py:925} INFO - DAG(s) 'movie_data_pipeline' retrieved from /opt/airflow/dags/movies_data_dag.py
[2026-03-21T10:36:15.138+0000] {logging_mixin.py:190} INFO - [2026-03-21T10:36:15.137+0000] {dag.py:3239} INFO - Sync 1 DAGs
[2026-03-21T10:36:15.149+0000] {logging_mixin.py:190} INFO - [2026-03-21T10:36:15.148+0000] {dag.py:4180} INFO - Setting next_dagrun for movie_data_pipeline to None, run_after=None
[2026-03-21T10:36:15.165+0000] {processor.py:208} INFO - Processing /opt/airflow/dags/movies_data_dag.py took 0.484 seconds
[2026-03-21T10:36:46.006+0000] {processor.py:186} INFO - Started process (PID=267) to work on /opt/airflow/dags/movies_data_dag.py
[2026-03-21T10:36:46.011+0000] {processor.py:914} INFO - Processing file /opt/airflow/dags/movies_data_dag.py for tasks to queue
[2026-03-21T10:36:46.027+0000] {logging_mixin.py:190} INFO - [2026-03-21T10:36:46.025+0000] {dagbag.py:588} INFO - Filling up the DagBag from /opt/airflow/dags/movies_data_dag.py
[2026-03-21T10:36:47.506+0000] {processor.py:925} INFO - DAG(s) 'movie_data_pipeline' retrieved from /opt/airflow/dags/movies_data_dag.py
[2026-03-21T10:36:47.555+0000] {logging_mixin.py:190} INFO - [2026-03-21T10:36:47.554+0000] {dag.py:3239} INFO - Sync 1 DAGs
[2026-03-21T10:36:47.582+0000] {logging_mixin.py:190} INFO - [2026-03-21T10:36:47.581+0000] {dag.py:4180} INFO - Setting next_dagrun for movie_data_pipeline to None, run_after=None
[2026-03-21T10:36:47.625+0000] {processor.py:208} INFO - Processing /opt/airflow/dags/movies_data_dag.py took 2.145 seconds
